<?xml version='1.0' encoding='UTF-8'?>
<testsuite hostname="oleg-comp" name="followers.FollowersSuite" tests="18" errors="0" failures="12" skipped="0" time="7.181" timestamp="2019-08-24T15:45:34">
                     <properties>
[...]
</properties>
                     <testcase classname="followers.FollowersSuite" name="reframedFlow: chunks containing exactly one message should pass through" time="1.099">
                                                 
                                               </testcase><testcase classname="followers.FollowersSuite" name="reframedFlow: chunks containing fragments of messages should be re-assembled" time="1.001">
                                                 
                                               </testcase><testcase classname="followers.FollowersSuite" name="reframedFlow: reject an input stream that is completed in the middle of a frame" time="0.011">
                                                 
                                               </testcase><testcase classname="followers.FollowersSuite" name="eventParserFlow: successfully parse events" time="1.005">
                                                 
                                               </testcase><testcase classname="followers.FollowersSuite" name="reintroduceOrdering: pass through a sorted stream directly" time="1.038">
                                                 <failure message="Vector(Follow(1,1,1), Follow(1,1,1), Follow(2,1,1), Follow(1,1,1), Follow(2,1,1), Follow(3,1,1), Follow(1,1,1), Follow(2,1,1), Follow(3,1,1), Follow(4,1,1), Follow(1,1,1), Follow(2,1,1), Follow(3,1,1), Follow(4,1,1), Follow(5,1,1), Follow(1,1,1), Follow(2,1,1), Follow(3,1,1), Follow(4,1,1), Follow(5,1,1), Follow(6,1,1), Follow(1,1,1), Follow(2,1,1), Follow(3,1,1), Follow(4,1,1), Follow(5,1,1), Follow(6,1,1), Follow(7,1,1), Follow(1,1,1), Follow(2,1,1), Follow(3,1,1), Follow(4,1,1), Follow(5,1,1), Follow(6,1,1), Follow(7,1,1), Follow(8,1,1), Follow(1,1,1), Follow(2,1,1), Follow(3,1,1), Follow(4,1,1), Follow(5,1,1), Follow(6,1,1), Follow(7,1,1), Follow(8,1,1), Follow(9,1,1), Follow(1,1,1), Follow(2,1,1), Follow(3,1,1), Follow(4,1,1), Follow(5,1,1), Follow(6,1,1), Follow(7,1,1), Follow(8,1,1), Follow(9,1,1), Follow(10,1,1), Follow(1,1,1), Follow(2,1,1), Follow(3,1,1), Follow(4,1,1), Follow(5,1,1), Follow(6,1,1), Follow(7,1,1), Follow(8,1,1), Follow(9,1,1), Follow(10,1,1), Follow(11,1,1), Follow(1,1,1), Follow(2,1,1), Follow(3,1,1), Follow(4,1,1), Follow(5,1,1), Follow(6,1,1), Follow(7,1,1), Follow(8,1,1), Follow(9,1,1), Follow(10,1,1), Follow(11,1,1), Follow(12,1,1), Follow(1,1,1), Follow(2,1,1), Follow(3,1,1), Follow(4,1,1), Follow(5,1,1), Follow(6,1,1), Follow(7,1,1), Follow(8,1,1), Follow(9,1,1), Follow(10,1,1), Follow(11,1,1), Follow(12,1,1), Follow(13,1,1), Follow(1,1,1), Follow(2,1,1), Follow(3,1,1), Follow(4,1,1), Follow(5,1,1), Follow(6,1,1), Follow(7,1,1), Follow(8,1,1), Follow(9,1,1), Follow(10,1,1), Follow(11,1,1), Follow(12,1,1), Follow(13,1,1), Follow(14,1,1), Follow(1,1,1), Follow(2,1,1), Follow(3,1,1), Follow(4,1,1), Follow(5,1,1), Follow(6,1,1), Follow(7,1,1), Follow(8,1,1), Follow(9,1,1), Follow(10,1,1), Follow(11,1,1), Follow(12,1,1), Follow(13,1,1), Follow(14,1,1), Follow(15,1,1), Follow(1,1,1), Follow(2,1,1), Follow(3,1,1), Follow(4,1,1), Follow(5,1,1), Follow(6,1,1), Follow(7,1,1), Follow(8,1,1), Follow(9,1,1), Follow(10,1,1), Follow(11,1,1), Follow(12,1,1), Follow(13,1,1), Follow(14,1,1), Follow(15,1,1), Follow(16,1,1), Follow(1,1,1), Follow(2,1,1), Follow(3,1,1), Follow(4,1,1), Follow(5,1,1), Follow(6,1,1), Follow(7,1,1), Follow(8,1,1), Follow(9,1,1), Follow(10,1,1), Follow(11,1,1), Follow(12,1,1), Follow(13,1,1), Follow(14,1,1), Follow(15,1,1), Follow(16,1,1), Follow(17,1,1), Follow(1,1,1), Follow(2,1,1), Follow(3,1,1), Follow(4,1,1), Follow(5,1,1), Follow(6,1,1), Follow(7,1,1), Follow(8,1,1), Follow(9,1,1), Follow(10,1,1), Follow(11,1,1), Follow(12,1,1), Follow(13,1,1), Follow(14,1,1), Follow(15,1,1), Follow(16,1,1), Follow(17,1,1), Follow(18,1,1), Follow(1,1,1), Follow(2,1,1), Follow(3,1,1), Follow(4,1,1), Follow(5,1,1), Follow(6,1,1), Follow(7,1,1), Follow(8,1,1), Follow(9,1,1), Follow(10,1,1), Follow(11,1,1), Follow(12,1,1), Follow(13,1,1), Follow(14,1,1), Follow(15,1,1), Follow(16,1,1), Follow(17,1,1), Follow(18,1,1), Follow(19,1,1), Follow(1,1,1), Follow(2,1,1), Follow(3,1,1), Follow(4,1,1), Follow(5,1,1), Follow(6,1,1), Follow(7,1,1), Follow(8,1,1), Follow(9,1,1), Follow(10,1,1), Follow(11,1,1), Follow(12,1,1), Follow(13,1,1), Follow(14,1,1), Follow(15,1,1), Follow(16,1,1), Follow(17,1,1), Follow(18,1,1), Follow(19,1,1), Follow(20,1,1), Follow(1,1,1), Follow(2,1,1), Follow(3,1,1), Follow(4,1,1), Follow(5,1,1), Follow(6,1,1), Follow(7,1,1), Follow(8,1,1), Follow(9,1,1), Follow(10,1,1), Follow(11,1,1), Follow(12,1,1), Follow(13,1,1), Follow(14,1,1), Follow(15,1,1), Follow(16,1,1), Follow(17,1,1), Follow(18,1,1), Follow(19,1,1), Follow(20,1,1), Follow(21,1,1), Follow(1,1,1), Follow(2,1,1), Follow(3,1,1), Follow(4,1,1), Follow(5,1,1), Follow(6,1,1), Follow(7,1,1), Follow(8,1,1), Follow(9,1,1), Follow(10,1,1), Follow(11,1,1), Follow(12,1,1), Follow(13,1,1), Follow(14,1,1), Follow(15,1,1), Follow(16,1,1), Follow(17,1,1), Follow(18,1,1), Follow(19,1,1), Follow(20,1,1), Follow(21,1,1), Follow(22,1,1), Follow(1,1,1), Follow(2,1,1), Follow(3,1,1), Follow(4,1,1), Follow(5,1,1), Follow(6,1,1), Follow(7,1,1), Follow(8,1,1), Follow(9,1,1), Follow(10,1,1), Follow(11,1,1), Follow(12,1,1), Follow(13,1,1), Follow(14,1,1), Follow(15,1,1), Follow(16,1,1), Follow(17,1,1), Follow(18,1,1), Follow(19,1,1), Follow(20,1,1), Follow(21,1,1), Follow(22,1,1), Follow(23,1,1), Follow(1,1,1), Follow(2,1,1), Follow(3,1,1), Follow(4,1,1), Follow(5,1,1), Follow(6,1,1), Follow(7,1,1), Follow(8,1,1), Follow(9,1,1), Follow(10,1,1), Follow(11,1,1), Follow(12,1,1), Follow(13,1,1), Follow(14,1,1), Follow(15,1,1), Follow(16,1,1), Follow(17,1,1), Follow(18,1,1), Follow(19,1,1), Follow(20,1,1), Follow(21,1,1), Follow(22,1,1), Follow(23,1,1), Follow(24,1,1), Follow(1,1,1), Follow(2,1,1), Follow(3,1,1), Follow(4,1,1), Follow(5,1,1), Follow(6,1,1), Follow(7,1,1), Follow(8,1,1), Follow(9,1,1), Follow(10,1,1), Follow(11,1,1), Follow(12,1,1), Follow(13,1,1), Follow(14,1,1), Follow(15,1,1), Follow(16,1,1), Follow(17,1,1), Follow(18,1,1), Follow(19,1,1), Follow(20,1,1), Follow(21,1,1), Follow(22,1,1), Follow(23,1,1), Follow(24,1,1), Follow(25,1,1), Follow(1,1,1), Follow(2,1,1), Follow(3,1,1), Follow(4,1,1), Follow(5,1,1), Follow(6,1,1), Follow(7,1,1), Follow(8,1,1), Follow(9,1,1), Follow(10,1,1), Follow(11,1,1), Follow(12,1,1), Follow(13,1,1), Follow(14,1,1), Follow(15,1,1), Follow(16,1,1), Follow(17,1,1), Follow(18,1,1), Follow(19,1,1), Follow(20,1,1), Follow(21,1,1), Follow(22,1,1), Follow(23,1,1), Follow(24,1,1), Follow(25,1,1), Follow(26,1,1), Follow(1,1,1), Follow(2,1,1), Follow(3,1,1), Follow(4,1,1), Follow(5,1,1), Follow(6,1,1), Follow(7,1,1), Follow(8,1,1), Follow(9,1,1), Follow(10,1,1), Follow(11,1,1), Follow(12,1,1), Follow(13,1,1), Follow(14,1,1), Follow(15,1,1), Follow(16,1,1), Follow(17,1,1), Follow(18,1,1), Follow(19,1,1), Follow(20,1,1), Follow(21,1,1), Follow(22,1,1), Follow(23,1,1), Follow(24,1,1), Follow(25,1,1), Follow(26,1,1), Follow(27,1,1), Follow(1,1,1), Follow(2,1,1), Follow(3,1,1), Follow(4,1,1), Follow(5,1,1), Follow(6,1,1), Follow(7,1,1), Follow(8,1,1), Follow(9,1,1), Follow(10,1,1), Follow(11,1,1), Follow(12,1,1), Follow(13,1,1), Follow(14,1,1), Follow(15,1,1), Follow(16,1,1), Follow(17,1,1), Follow(18,1,1), Follow(19,1,1), Follow(20,1,1), Follow(21,1,1), Follow(22,1,1), Follow(23,1,1), Follow(24,1,1), Follow(25,1,1), Follow(26,1,1), Follow(27,1,1), Follow(28,1,1), Follow(1,1,1), Follow(2,1,1), Follow(3,1,1), Follow(4,1,1), Follow(5,1,1), Follow(6,1,1), Follow(7,1,1), Follow(8,1,1), Follow(9,1,1), Follow(10,1,1), Follow(11,1,1), Follow(12,1,1), Follow(13,1,1), Follow(14,1,1), Follow(15,1,1), Follow(16,1,1), Follow(17,1,1), Follow(18,1,1), Follow(19,1,1), Follow(20,1,1), Follow(21,1,1), Follow(22,1,1), Follow(23,1,1), Follow(24,1,1), Follow(25,1,1), Follow(26,1,1), Follow(27,1,1), Follow(28,1,1), Follow(29,1,1), Follow(1,1,1), Follow(2,1,1), Follow(3,1,1), Follow(4,1,1), Follow(5,1,1), Follow(6,1,1), Follow(7,1,1), Follow(8,1,1), Follow(9,1,1), Follow(10,1,1), Follow(11,1,1), Follow(12,1,1), Follow(13,1,1), Follow(14,1,1), Follow(15,1,1), Follow(16,1,1), Follow(17,1,1), Follow(18,1,1), Follow(19,1,1), Follow(20,1,1), Follow(21,1,1), Follow(22,1,1), Follow(23,1,1), Follow(24,1,1), Follow(25,1,1), Follow(26,1,1), Follow(27,1,1), Follow(28,1,1), Follow(29,1,1), Follow(30,1,1), Follow(1,1,1), Follow(2,1,1), Follow(3,1,1), Follow(4,1,1), Follow(5,1,1), Follow(6,1,1), Follow(7,1,1), Follow(8,1,1), Follow(9,1,1), Follow(10,1,1), Follow(11,1,1), Follow(12,1,1), Follow(13,1,1), Follow(14,1,1), Follow(15,1,1), Follow(16,1,1), Follow(17,1,1), Follow(18,1,1), Follow(19,1,1), Follow(20,1,1), Follow(21,1,1), Follow(22,1,1), Follow(23,1,1), Follow(24,1,1), Follow(25,1,1), Follow(26,1,1), Follow(27,1,1), Follow(28,1,1), Follow(29,1,1), Follow(30,1,1), Follow(31,1,1), Follow(1,1,1), Follow(2,1,1), Follow(3,1,1), Follow(4,1,1), Follow(5,1,1), Follow(6,1,1), Follow(7,1,1), Follow(8,1,1), Follow(9,1,1), Follow(10,1,1), Follow(11,1,1), Follow(12,1,1), Follow(13,1,1), Follow(14,1,1), Follow(15,1,1), Follow(16,1,1), Follow(17,1,1), Follow(18,1,1), Follow(19,1,1), Follow(20,1,1), Follow(21,1,1), Follow(22,1,1), Follow(23,1,1), Follow(24,1,1), Follow(25,1,1), Follow(26,1,1), Follow(27,1,1), Follow(28,1,1), Follow(29,1,1), Follow(30,1,1), Follow(31,1,1), Follow(32,1,1), Follow(1,1,1), Follow(2,1,1), Follow(3,1,1), Follow(4,1,1), Follow(5,1,1), Follow(6,1,1), Follow(7,1,1), Follow(8,1,1), Follow(9,1,1), Follow(10,1,1), Follow(11,1,1), Follow(12,1,1), Follow(13,1,1), Follow(14,1,1), Follow(15,1,1), Follow(16,1,1), Follow(17,1,1), Follow(18,1,1), Follow(19,1,1), Follow(20,1,1), Follow(21,1,1), Follow(22,1,1), Follow(23,1,1), Follow(24,1,1), Follow(25,1,1), Follow(26,1,1), Follow(27,1,1), Follow(28,1,1), Follow(29,1,1), Follow(30,1,1), Follow(31,1,1), Follow(32,1,1), Follow(33,1,1), Follow(1,1,1), Follow(2,1,1), Follow(3,1,1), Follow(4,1,1), Follow(5,1,1), Follow(6,1,1), Follow(7,1,1), Follow(8,1,1), Follow(9,1,1), Follow(10,1,1), Follow(11,1,1), Follow(12,1,1), Follow(13,1,1), Follow(14,1,1), Follow(15,1,1), Follow(16,1,1), Follow(17,1,1), Follow(18,1,1), Follow(19,1,1), Follow(20,1,1), Follow(21,1,1), Follow(22,1,1), Follow(23,1,1), Follow(24,1,1), Follow(25,1,1), Follow(26,1,1), Follow(27,1,1), Follow(28,1,1), Follow(29,1,1), Follow(30,1,1), Follow(31,1,1), Follow(32,1,1), Follow(33,1,1), Follow(34,1,1), Follow(1,1,1), Follow(2,1,1), Follow(3,1,1), Follow(4,1,1), Follow(5,1,1), Follow(6,1,1), Follow(7,1,1), Follow(8,1,1), Follow(9,1,1), Follow(10,1,1), Follow(11,1,1), Follow(12,1,1), Follow(13,1,1), Follow(14,1,1), Follow(15,1,1), Follow(16,1,1), Follow(17,1,1), Follow(18,1,1), Follow(19,1,1), Follow(20,1,1), Follow(21,1,1), Follow(22,1,1), Follow(23,1,1), Follow(24,1,1), Follow(25,1,1), Follow(26,1,1), Follow(27,1,1), Follow(28,1,1), Follow(29,1,1), Follow(30,1,1), Follow(31,1,1), Follow(32,1,1), Follow(33,1,1), Follow(34,1,1), Follow(35,1,1), Follow(1,1,1), Follow(2,1,1), Follow(3,1,1), Follow(4,1,1), Follow(5,1,1), Follow(6,1,1), Follow(7,1,1), Follow(8,1,1), Follow(9,1,1), Follow(10,1,1), Follow(11,1,1), Follow(12,1,1), Follow(13,1,1), Follow(14,1,1), Follow(15,1,1), Follow(16,1,1), Follow(17,1,1), Follow(18,1,1), Follow(19,1,1), Follow(20,1,1), Follow(21,1,1), Follow(22,1,1), Follow(23,1,1), Follow(24,1,1), Follow(25,1,1), Follow(26,1,1), Follow(27,1,1), Follow(28,1,1), Follow(29,1,1), Follow(30,1,1), Follow(31,1,1), Follow(32,1,1), Follow(33,1,1), Follow(34,1,1), Follow(35,1,1), Follow(36,1,1), Follow(1,1,1), Follow(2,1,1), Follow(3,1,1), Follow(4,1,1), Follow(5,1,1), Follow(6,1,1), Follow(7,1,1), Follow(8,1,1), Follow(9,1,1), Follow(10,1,1), Follow(11,1,1), Follow(12,1,1), Follow(13,1,1), Follow(14,1,1), Follow(15,1,1), Follow(16,1,1), Follow(17,1,1), Follow(18,1,1), Follow(19,1,1), Follow(20,1,1), Follow(21,1,1), Follow(22,1,1), Follow(23,1,1), Follow(24,1,1), Follow(25,1,1), Follow(26,1,1), Follow(27,1,1), Follow(28,1,1), Follow(29,1,1), Follow(30,1,1), Follow(31,1,1), Follow(32,1,1), Follow(33,1,1), Follow(34,1,1), Follow(35,1,1), Follow(36,1,1), Follow(37,1,1), Follow(1,1,1), Follow(2,1,1), Follow(3,1,1), Follow(4,1,1), Follow(5,1,1), Follow(6,1,1), Follow(7,1,1), Follow(8,1,1), Follow(9,1,1), Follow(10,1,1), Follow(11,1,1), Follow(12,1,1), Follow(13,1,1), Follow(14,1,1), Follow(15,1,1), Follow(16,1,1), Follow(17,1,1), Follow(18,1,1), Follow(19,1,1), Follow(20,1,1), Follow(21,1,1), Follow(22,1,1), Follow(23,1,1), Follow(24,1,1), Follow(25,1,1), Follow(26,1,1), Follow(27,1,1), Follow(28,1,1), Follow(29,1,1), Follow(30,1,1), Follow(31,1,1), Follow(32,1,1), Follow(33,1,1), Follow(34,1,1), Follow(35,1,1), Follow(36,1,1), Follow(37,1,1), Follow(38,1,1), Follow(1,1,1), Follow(2,1,1), Follow(3,1,1), Follow(4,1,1), Follow(5,1,1), Follow(6,1,1), Follow(7,1,1), Follow(8,1,1), Follow(9,1,1), Follow(10,1,1), Follow(11,1,1), Follow(12,1,1), Follow(13,1,1), Follow(14,1,1), Follow(15,1,1), Follow(16,1,1), Follow(17,1,1), Follow(18,1,1), Follow(19,1,1), Follow(20,1,1), Follow(21,1,1), Follow(22,1,1), Follow(23,1,1), Follow(24,1,1), Follow(25,1,1), Follow(26,1,1), Follow(27,1,1), Follow(28,1,1), Follow(29,1,1), Follow(30,1,1), Follow(31,1,1), Follow(32,1,1), Follow(33,1,1), Follow(34,1,1), Follow(35,1,1), Follow(36,1,1), Follow(37,1,1), Follow(38,1,1), Follow(39,1,1), Follow(1,1,1), Follow(2,1,1), Follow(3,1,1), Follow(4,1,1), Follow(5,1,1), Follow(6,1,1), Follow(7,1,1), Follow(8,1,1), Follow(9,1,1), Follow(10,1,1), Follow(11,1,1), Follow(12,1,1), Follow(13,1,1), Follow(14,1,1), Follow(15,1,1), Follow(16,1,1), Follow(17,1,1), Follow(18,1,1), Follow(19,1,1), Follow(20,1,1), Follow(21,1,1), Follow(22,1,1), Follow(23,1,1), Follow(24,1,1), Follow(25,1,1), Follow(26,1,1), Follow(27,1,1), Follow(28,1,1), Follow(29,1,1), Follow(30,1,1), Follow(31,1,1), Follow(32,1,1), Follow(33,1,1), Follow(34,1,1), Follow(35,1,1), Follow(36,1,1), Follow(37,1,1), Follow(38,1,1), Follow(39,1,1), Follow(40,1,1), Follow(1,1,1), Follow(2,1,1), Follow(3,1,1), Follow(4,1,1), Follow(5,1,1), Follow(6,1,1), Follow(7,1,1), Follow(8,1,1), Follow(9,1,1), Follow(10,1,1), Follow(11,1,1), Follow(12,1,1), Follow(13,1,1), Follow(14,1,1), Follow(15,1,1), Follow(16,1,1), Follow(17,1,1), Follow(18,1,1), Follow(19,1,1), Follow(20,1,1), Follow(21,1,1), Follow(22,1,1), Follow(23,1,1), Follow(24,1,1), Follow(25,1,1), Follow(26,1,1), Follow(27,1,1), Follow(28,1,1), Follow(29,1,1), Follow(30,1,1), Follow(31,1,1), Follow(32,1,1), Follow(33,1,1), Follow(34,1,1), Follow(35,1,1), Follow(36,1,1), Follow(37,1,1), Follow(38,1,1), Follow(39,1,1), Follow(40,1,1), Follow(41,1,1), Follow(1,1,1), Follow(2,1,1), Follow(3,1,1), Follow(4,1,1), Follow(5,1,1), Follow(6,1,1), Follow(7,1,1), Follow(8,1,1), Follow(9,1,1), Follow(10,1,1), Follow(11,1,1), Follow(12,1,1), Follow(13,1,1), Follow(14,1,1), Follow(15,1,1), Follow(16,1,1), Follow(17,1,1), Follow(18,1,1), Follow(19,1,1), Follow(20,1,1), Follow(21,1,1), Follow(22,1,1), Follow(23,1,1), Follow(24,1,1), Follow(25,1,1), Follow(26,1,1), Follow(27,1,1), Follow(28,1,1), Follow(29,1,1), Follow(30,1,1), Follow(31,1,1), Follow(32,1,1), Follow(33,1,1), Follow(34,1,1), Follow(35,1,1), Follow(36,1,1), Follow(37,1,1), Follow(38,1,1), Follow(39,1,1), Follow(40,1,1), Follow(41,1,1), Follow(42,1,1), Follow(1,1,1), Follow(2,1,1), Follow(3,1,1), Follow(4,1,1), Follow(5,1,1), Follow(6,1,1), Follow(7,1,1), Follow(8,1,1), Follow(9,1,1), Follow(10,1,1), Follow(11,1,1), Follow(12,1,1), Follow(13,1,1), Follow(14,1,1), Follow(15,1,1), Follow(16,1,1), Follow(17,1,1), Follow(18,1,1), Follow(19,1,1), Follow(20,1,1), Follow(21,1,1), Follow(22,1,1), Follow(23,1,1), Follow(24,1,1), Follow(25,1,1), Follow(26,1,1), Follow(27,1,1), Follow(28,1,1), Follow(29,1,1), Follow(30,1,1), Follow(31,1,1), Follow(32,1,1), Follow(33,1,1), Follow(34,1,1), Follow(35,1,1), Follow(36,1,1), Follow(37,1,1), Follow(38,1,1), Follow(39,1,1), Follow(40,1,1), Follow(41,1,1), Follow(42,1,1), Follow(43,1,1), Follow(1,1,1), Follow(2,1,1), Follow(3,1,1), Follow(4,1,1), Follow(5,1,1), Follow(6,1,1), Follow(7,1,1), Follow(8,1,1), Follow(9,1,1), Follow(10,1,1), Follow(11,1,1), Follow(12,1,1), Follow(13,1,1), Follow(14,1,1), Follow(15,1,1), Follow(16,1,1), Follow(17,1,1), Follow(18,1,1), Follow(19,1,1), Follow(20,1,1), Follow(21,1,1), Follow(22,1,1), Follow(23,1,1), Follow(24,1,1), Follow(25,1,1), Follow(26,1,1), Follow(27,1,1), Follow(28,1,1), Follow(29,1,1), Follow(30,1,1), Follow(31,1,1), Follow(32,1,1), Follow(33,1,1), Follow(34,1,1), Follow(35,1,1), Follow(36,1,1), Follow(37,1,1), Follow(38,1,1), Follow(39,1,1), Follow(40,1,1), Follow(41,1,1), Follow(42,1,1), Follow(43,1,1), Follow(44,1,1), Follow(1,1,1), Follow(2,1,1), Follow(3,1,1), Follow(4,1,1), Follow(5,1,1), Follow(6,1,1), Follow(7,1,1), Follow(8,1,1), Follow(9,1,1), Follow(10,1,1), Follow(11,1,1), Follow(12,1,1), Follow(13,1,1), Follow(14,1,1), Follow(15,1,1), Follow(16,1,1), Follow(17,1,1), Follow(18,1,1), Follow(19,1,1), Follow(20,1,1), Follow(21,1,1), Follow(22,1,1), Follow(23,1,1), Follow(24,1,1), Follow(25,1,1), Follow(26,1,1), Follow(27,1,1), Follow(28,1,1), Follow(29,1,1), Follow(30,1,1), Follow(31,1,1), Follow(32,1,1), Follow(33,1,1), Follow(34,1,1), Follow(35,1,1), Follow(36,1,1), Follow(37,1,1), Follow(38,1,1), Follow(39,1,1), Follow(40,1,1), Follow(41,1,1), Follow(42,1,1), Follow(43,1,1), Follow(44,1,1), Follow(45,1,1), Follow(1,1,1), Follow(2,1,1), Follow(3,1,1), Follow(4,1,1), Follow(5,1,1), Follow(6,1,1), Follow(7,1,1), Follow(8,1,1), Follow(9,1,1), Follow(10,1,1), Follow(11,1,1), Follow(12,1,1), Follow(13,1,1), Follow(14,1,1), Follow(15,1,1), Follow(16,1,1), Follow(17,1,1), Follow(18,1,1), Follow(19,1,1), Follow(20,1,1), Follow(21,1,1), Follow(22,1,1), Follow(23,1,1), Follow(24,1,1), Follow(25,1,1), Follow(26,1,1), Follow(27,1,1), Follow(28,1,1), Follow(29,1,1), Follow(30,1,1), Follow(31,1,1), Follow(32,1,1), Follow(33,1,1), Follow(34,1,1), Follow(35,1,1), Follow(36,1,1), Follow(37,1,1), Follow(38,1,1), Follow(39,1,1), Follow(40,1,1), Follow(41,1,1), Follow(42,1,1), Follow(43,1,1), Follow(44,1,1), Follow(45,1,1), Follow(46,1,1), Follow(1,1,1), Follow(2,1,1), Follow(3,1,1), Follow(4,1,1), Follow(5,1,1), Follow(6,1,1), Follow(7,1,1), Follow(8,1,1), Follow(9,1,1), Follow(10,1,1), Follow(11,1,1), Follow(12,1,1), Follow(13,1,1), Follow(14,1,1), Follow(15,1,1), Follow(16,1,1), Follow(17,1,1), Follow(18,1,1), Follow(19,1,1), Follow(20,1,1), Follow(21,1,1), Follow(22,1,1), Follow(23,1,1), Follow(24,1,1), Follow(25,1,1), Follow(26,1,1), Follow(27,1,1), Follow(28,1,1), Follow(29,1,1), Follow(30,1,1), Follow(31,1,1), Follow(32,1,1), Follow(33,1,1), Follow(34,1,1), Follow(35,1,1), Follow(36,1,1), Follow(37,1,1), Follow(38,1,1), Follow(39,1,1), Follow(40,1,1), Follow(41,1,1), Follow(42,1,1), Follow(43,1,1), Follow(44,1,1), Follow(45,1,1), Follow(46,1,1), Follow(47,1,1), Follow(1,1,1), Follow(2,1,1), Follow(3,1,1), Follow(4,1,1), Follow(5,1,1), Follow(6,1,1), Follow(7,1,1), Follow(8,1,1), Follow(9,1,1), Follow(10,1,1), Follow(11,1,1), Follow(12,1,1), Follow(13,1,1), Follow(14,1,1), Follow(15,1,1), Follow(16,1,1), Follow(17,1,1), Follow(18,1,1), Follow(19,1,1), Follow(20,1,1), Follow(21,1,1), Follow(22,1,1), Follow(23,1,1), Follow(24,1,1), Follow(25,1,1), Follow(26,1,1), Follow(27,1,1), Follow(28,1,1), Follow(29,1,1), Follow(30,1,1), Follow(31,1,1), Follow(32,1,1), Follow(33,1,1), Follow(34,1,1), Follow(35,1,1), Follow(36,1,1), Follow(37,1,1), Follow(38,1,1), Follow(39,1,1), Follow(40,1,1), Follow(41,1,1), Follow(42,1,1), Follow(43,1,1), Follow(44,1,1), Follow(45,1,1), Follow(46,1,1), Follow(47,1,1), Follow(48,1,1), Follow(1,1,1), Follow(2,1,1), Follow(3,1,1), Follow(4,1,1), Follow(5,1,1), Follow(6,1,1), Follow(7,1,1), Follow(8,1,1), Follow(9,1,1), Follow(10,1,1), Follow(11,1,1), Follow(12,1,1), Follow(13,1,1), Follow(14,1,1), Follow(15,1,1), Follow(16,1,1), Follow(17,1,1), Follow(18,1,1), Follow(19,1,1), Follow(20,1,1), Follow(21,1,1), Follow(22,1,1), Follow(23,1,1), Follow(24,1,1), Follow(25,1,1), Follow(26,1,1), Follow(27,1,1), Follow(28,1,1), Follow(29,1,1), Follow(30,1,1), Follow(31,1,1), Follow(32,1,1), Follow(33,1,1), Follow(34,1,1), Follow(35,1,1), Follow(36,1,1), Follow(37,1,1), Follow(38,1,1), Follow(39,1,1), Follow(40,1,1), Follow(41,1,1), Follow(42,1,1), Follow(43,1,1), Follow(44,1,1), Follow(45,1,1), Follow(46,1,1), Follow(47,1,1), Follow(48,1,1), Follow(49,1,1), Follow(1,1,1), Follow(2,1,1), Follow(3,1,1), Follow(4,1,1), Follow(5,1,1), Follow(6,1,1), Follow(7,1,1), Follow(8,1,1), Follow(9,1,1), Follow(10,1,1), Follow(11,1,1), Follow(12,1,1), Follow(13,1,1), Follow(14,1,1), Follow(15,1,1), Follow(16,1,1), Follow(17,1,1), Follow(18,1,1), Follow(19,1,1), Follow(20,1,1), Follow(21,1,1), Follow(22,1,1), Follow(23,1,1), Follow(24,1,1), Follow(25,1,1), Follow(26,1,1), Follow(27,1,1), Follow(28,1,1), Follow(29,1,1), Follow(30,1,1), Follow(31,1,1), Follow(32,1,1), Follow(33,1,1), Follow(34,1,1), Follow(35,1,1), Follow(36,1,1), Follow(37,1,1), Follow(38,1,1), Follow(39,1,1), Follow(40,1,1), Follow(41,1,1), Follow(42,1,1), Follow(43,1,1), Follow(44,1,1), Follow(45,1,1), Follow(46,1,1), Follow(47,1,1), Follow(48,1,1), Follow(49,1,1), Follow(50,1,1), Follow(1,1,1), Follow(2,1,1), Follow(3,1,1), Follow(4,1,1), Follow(5,1,1), Follow(6,1,1), Follow(7,1,1), Follow(8,1,1), Follow(9,1,1), Follow(10,1,1), Follow(11,1,1), Follow(12,1,1), Follow(13,1,1), Follow(14,1,1), Follow(15,1,1), Follow(16,1,1), Follow(17,1,1), Follow(18,1,1), Follow(19,1,1), Follow(20,1,1), Follow(21,1,1), Follow(22,1,1), Follow(23,1,1), Follow(24,1,1), Follow(25,1,1), Follow(26,1,1), Follow(27,1,1), Follow(28,1,1), Follow(29,1,1), Follow(30,1,1), Follow(31,1,1), Follow(32,1,1), Follow(33,1,1), Follow(34,1,1), Follow(35,1,1), Follow(36,1,1), Follow(37,1,1), Follow(38,1,1), Follow(39,1,1), Follow(40,1,1), Follow(41,1,1), Follow(42,1,1), Follow(43,1,1), Follow(44,1,1), Follow(45,1,1), Follow(46,1,1), Follow(47,1,1), Follow(48,1,1), Follow(49,1,1), Follow(50,1,1), Follow(51,1,1), Follow(1,1,1), Follow(2,1,1), Follow(3,1,1), Follow(4,1,1), Follow(5,1,1), Follow(6,1,1), Follow(7,1,1), Follow(8,1,1), Follow(9,1,1), Follow(10,1,1), Follow(11,1,1), Follow(12,1,1), Follow(13,1,1), Follow(14,1,1), Follow(15,1,1), Follow(16,1,1), Follow(17,1,1), Follow(18,1,1), Follow(19,1,1), Follow(20,1,1), Follow(21,1,1), Follow(22,1,1), Follow(23,1,1), Follow(24,1,1), Follow(25,1,1), Follow(26,1,1), Follow(27,1,1), Follow(28,1,1), Follow(29,1,1), Follow(30,1,1), Follow(31,1,1), Follow(32,1,1), Follow(33,1,1), Follow(34,1,1), Follow(35,1,1), Follow(36,1,1), Follow(37,1,1), Follow(38,1,1), Follow(39,1,1), Follow(40,1,1), Follow(41,1,1), Follow(42,1,1), Follow(43,1,1), Follow(44,1,1), Follow(45,1,1), Follow(46,1,1), Follow(47,1,1), Follow(48,1,1), Follow(49,1,1), Follow(50,1,1), Follow(51,1,1), Follow(52,1,1), Follow(1,1,1), Follow(2,1,1), Follow(3,1,1), Follow(4,1,1), Follow(5,1,1), Follow(6,1,1), Follow(7,1,1), Follow(8,1,1), Follow(9,1,1), Follow(10,1,1), Follow(11,1,1), Follow(12,1,1), Follow(13,1,1), Follow(14,1,1), Follow(15,1,1), Follow(16,1,1), Follow(17,1,1), Follow(18,1,1), Follow(19,1,1), Follow(20,1,1), Follow(21,1,1), Follow(22,1,1), Follow(23,1,1), Follow(24,1,1), Follow(25,1,1), Follow(26,1,1), Follow(27,1,1), Follow(28,1,1), Follow(29,1,1), Follow(30,1,1), Follow(31,1,1), Follow(32,1,1), Follow(33,1,1), Follow(34,1,1), Follow(35,1,1), Follow(36,1,1), Follow(37,1,1), Follow(38,1,1), Follow(39,1,1), Follow(40,1,1), Follow(41,1,1), Follow(42,1,1), Follow(43,1,1), Follow(44,1,1), Follow(45,1,1), Follow(46,1,1), Follow(47,1,1), Follow(48,1,1), Follow(49,1,1), Follow(50,1,1), Follow(51,1,1), Follow(52,1,1), Follow(53,1,1), Follow(1,1,1), Follow(2,1,1), Follow(3,1,1), Follow(4,1,1), Follow(5,1,1), Follow(6,1,1), Follow(7,1,1), Follow(8,1,1), Follow(9,1,1), Follow(10,1,1), Follow(11,1,1), Follow(12,1,1), Follow(13,1,1), Follow(14,1,1), Follow(15,1,1), Follow(16,1,1), Follow(17,1,1), Follow(18,1,1), Follow(19,1,1), Follow(20,1,1), Follow(21,1,1), Follow(22,1,1), Follow(23,1,1), Follow(24,1,1), Follow(25,1,1), Follow(26,1,1), Follow(27,1,1), Follow(28,1,1), Follow(29,1,1), Follow(30,1,1), Follow(31,1,1), Follow(32,1,1), Follow(33,1,1), Follow(34,1,1), Follow(35,1,1), Follow(36,1,1), Follow(37,1,1), Follow(38,1,1), Follow(39,1,1), Follow(40,1,1), Follow(41,1,1), Follow(42,1,1), Follow(43,1,1), Follow(44,1,1), Follow(45,1,1), Follow(46,1,1), Follow(47,1,1), Follow(48,1,1), Follow(49,1,1), Follow(50,1,1), Follow(51,1,1), Follow(52,1,1), Follow(53,1,1), Follow(54,1,1), Follow(1,1,1), Follow(2,1,1), Follow(3,1,1), Follow(4,1,1), Follow(5,1,1), Follow(6,1,1), Follow(7,1,1), Follow(8,1,1), Follow(9,1,1), Follow(10,1,1), Follow(11,1,1), Follow(12,1,1), Follow(13,1,1), Follow(14,1,1), Follow(15,1,1), Follow(16,1,1), Follow(17,1,1), Follow(18,1,1), Follow(19,1,1), Follow(20,1,1), Follow(21,1,1), Follow(22,1,1), Follow(23,1,1), Follow(24,1,1), Follow(25,1,1), Follow(26,1,1), Follow(27,1,1), Follow(28,1,1), Follow(29,1,1), Follow(30,1,1), Follow(31,1,1), Follow(32,1,1), Follow(33,1,1), Follow(34,1,1), Follow(35,1,1), Follow(36,1,1), Follow(37,1,1), Follow(38,1,1), Follow(39,1,1), Follow(40,1,1), Follow(41,1,1), Follow(42,1,1), Follow(43,1,1), Follow(44,1,1), Follow(45,1,1), Follow(46,1,1), Follow(47,1,1), Follow(48,1,1), Follow(49,1,1), Follow(50,1,1), Follow(51,1,1), Follow(52,1,1), Follow(53,1,1), Follow(54,1,1), Follow(55,1,1), Follow(1,1,1), Follow(2,1,1), Follow(3,1,1), Follow(4,1,1), Follow(5,1,1), Follow(6,1,1), Follow(7,1,1), Follow(8,1,1), Follow(9,1,1), Follow(10,1,1), Follow(11,1,1), Follow(12,1,1), Follow(13,1,1), Follow(14,1,1), Follow(15,1,1), Follow(16,1,1), Follow(17,1,1), Follow(18,1,1), Follow(19,1,1), Follow(20,1,1), Follow(21,1,1), Follow(22,1,1), Follow(23,1,1), Follow(24,1,1), Follow(25,1,1), Follow(26,1,1), Follow(27,1,1), Follow(28,1,1), Follow(29,1,1), Follow(30,1,1), Follow(31,1,1), Follow(32,1,1), Follow(33,1,1), Follow(34,1,1), Follow(35,1,1), Follow(36,1,1), Follow(37,1,1), Follow(38,1,1), Follow(39,1,1), Follow(40,1,1), Follow(41,1,1), Follow(42,1,1), Follow(43,1,1), Follow(44,1,1), Follow(45,1,1), Follow(46,1,1), Follow(47,1,1), Follow(48,1,1), Follow(49,1,1), Follow(50,1,1), Follow(51,1,1), Follow(52,1,1), Follow(53,1,1), Follow(54,1,1), Follow(55,1,1), Follow(56,1,1), Follow(1,1,1), Follow(2,1,1), Follow(3,1,1), Follow(4,1,1), Follow(5,1,1), Follow(6,1,1), Follow(7,1,1), Follow(8,1,1), Follow(9,1,1), Follow(10,1,1), Follow(11,1,1), Follow(12,1,1), Follow(13,1,1), Follow(14,1,1), Follow(15,1,1), Follow(16,1,1), Follow(17,1,1), Follow(18,1,1), Follow(19,1,1), Follow(20,1,1), Follow(21,1,1), Follow(22,1,1), Follow(23,1,1), Follow(24,1,1), Follow(25,1,1), Follow(26,1,1), Follow(27,1,1), Follow(28,1,1), Follow(29,1,1), Follow(30,1,1), Follow(31,1,1), Follow(32,1,1), Follow(33,1,1), Follow(34,1,1), Follow(35,1,1), Follow(36,1,1), Follow(37,1,1), Follow(38,1,1), Follow(39,1,1), Follow(40,1,1), Follow(41,1,1), Follow(42,1,1), Follow(43,1,1), Follow(44,1,1), Follow(45,1,1), Follow(46,1,1), Follow(47,1,1), Follow(48,1,1), Follow(49,1,1), Follow(50,1,1), Follow(51,1,1), Follow(52,1,1), Follow(53,1,1), Follow(54,1,1), Follow(55,1,1), Follow(56,1,1), Follow(57,1,1), Follow(1,1,1), Follow(2,1,1), Follow(3,1,1), Follow(4,1,1), Follow(5,1,1), Follow(6,1,1), Follow(7,1,1), Follow(8,1,1), Follow(9,1,1), Follow(10,1,1), Follow(11,1,1), Follow(12,1,1), Follow(13,1,1), Follow(14,1,1), Follow(15,1,1), Follow(16,1,1), Follow(17,1,1), Follow(18,1,1), Follow(19,1,1), Follow(20,1,1), Follow(21,1,1), Follow(22,1,1), Follow(23,1,1), Follow(24,1,1), Follow(25,1,1), Follow(26,1,1), Follow(27,1,1), Follow(28,1,1), Follow(29,1,1), Follow(30,1,1), Follow(31,1,1), Follow(32,1,1), Follow(33,1,1), Follow(34,1,1), Follow(35,1,1), Follow(36,1,1), Follow(37,1,1), Follow(38,1,1), Follow(39,1,1), Follow(40,1,1), Follow(41,1,1), Follow(42,1,1), Follow(43,1,1), Follow(44,1,1), Follow(45,1,1), Follow(46,1,1), Follow(47,1,1), Follow(48,1,1), Follow(49,1,1), Follow(50,1,1), Follow(51,1,1), Follow(52,1,1), Follow(53,1,1), Follow(54,1,1), Follow(55,1,1), Follow(56,1,1), Follow(57,1,1), Follow(58,1,1), Follow(1,1,1), Follow(2,1,1), Follow(3,1,1), Follow(4,1,1), Follow(5,1,1), Follow(6,1,1), Follow(7,1,1), Follow(8,1,1), Follow(9,1,1), Follow(10,1,1), Follow(11,1,1), Follow(12,1,1), Follow(13,1,1), Follow(14,1,1), Follow(15,1,1), Follow(16,1,1), Follow(17,1,1), Follow(18,1,1), Follow(19,1,1), Follow(20,1,1), Follow(21,1,1), Follow(22,1,1), Follow(23,1,1), Follow(24,1,1), Follow(25,1,1), Follow(26,1,1), Follow(27,1,1), Follow(28,1,1), Follow(29,1,1), Follow(30,1,1), Follow(31,1,1), Follow(32,1,1), Follow(33,1,1), Follow(34,1,1), Follow(35,1,1), Follow(36,1,1), Follow(37,1,1), Follow(38,1,1), Follow(39,1,1), Follow(40,1,1), Follow(41,1,1), Follow(42,1,1), Follow(43,1,1), Follow(44,1,1), Follow(45,1,1), Follow(46,1,1), Follow(47,1,1), Follow(48,1,1), Follow(49,1,1), Follow(50,1,1), Follow(51,1,1), Follow(52,1,1), Follow(53,1,1), Follow(54,1,1), Follow(55,1,1), Follow(56,1,1), Follow(57,1,1), Follow(58,1,1), Follow(59,1,1), Follow(1,1,1), Follow(2,1,1), Follow(3,1,1), Follow(4,1,1), Follow(5,1,1), Follow(6,1,1), Follow(7,1,1), Follow(8,1,1), Follow(9,1,1), Follow(10,1,1), Follow(11,1,1), Follow(12,1,1), Follow(13,1,1), Follow(14,1,1), Follow(15,1,1), Follow(16,1,1), Follow(17,1,1), Follow(18,1,1), Follow(19,1,1), Follow(20,1,1), Follow(21,1,1), Follow(22,1,1), Follow(23,1,1), Follow(24,1,1), Follow(25,1,1), Follow(26,1,1), Follow(27,1,1), Follow(28,1,1), Follow(29,1,1), Follow(30,1,1), Follow(31,1,1), Follow(32,1,1), Follow(33,1,1), Follow(34,1,1), Follow(35,1,1), Follow(36,1,1), Follow(37,1,1), Follow(38,1,1), Follow(39,1,1), Follow(40,1,1), Follow(41,1,1), Follow(42,1,1), Follow(43,1,1), Follow(44,1,1), Follow(45,1,1), Follow(46,1,1), Follow(47,1,1), Follow(48,1,1), Follow(49,1,1), Follow(50,1,1), Follow(51,1,1), Follow(52,1,1), Follow(53,1,1), Follow(54,1,1), Follow(55,1,1), Follow(56,1,1), Follow(57,1,1), Follow(58,1,1), Follow(59,1,1), Follow(60,1,1), Follow(1,1,1), Follow(2,1,1), Follow(3,1,1), Follow(4,1,1), Follow(5,1,1), Follow(6,1,1), Follow(7,1,1), Follow(8,1,1), Follow(9,1,1), Follow(10,1,1), Follow(11,1,1), Follow(12,1,1), Follow(13,1,1), Follow(14,1,1), Follow(15,1,1), Follow(16,1,1), Follow(17,1,1), Follow(18,1,1), Follow(19,1,1), Follow(20,1,1), Follow(21,1,1), Follow(22,1,1), Follow(23,1,1), Follow(24,1,1), Follow(25,1,1), Follow(26,1,1), Follow(27,1,1), Follow(28,1,1), Follow(29,1,1), Follow(30,1,1), Follow(31,1,1), Follow(32,1,1), Follow(33,1,1), Follow(34,1,1), Follow(35,1,1), Follow(36,1,1), Follow(37,1,1), Follow(38,1,1), Follow(39,1,1), Follow(40,1,1), Follow(41,1,1), Follow(42,1,1), Follow(43,1,1), Follow(44,1,1), Follow(45,1,1), Follow(46,1,1), Follow(47,1,1), Follow(48,1,1), Follow(49,1,1), Follow(50,1,1), Follow(51,1,1), Follow(52,1,1), Follow(53,1,1), Follow(54,1,1), Follow(55,1,1), Follow(56,1,1), Follow(57,1,1), Follow(58,1,1), Follow(59,1,1), Follow(60,1,1), Follow(61,1,1), Follow(1,1,1), Follow(2,1,1), Follow(3,1,1), Follow(4,1,1), Follow(5,1,1), Follow(6,1,1), Follow(7,1,1), Follow(8,1,1), Follow(9,1,1), Follow(10,1,1), Follow(11,1,1), Follow(12,1,1), Follow(13,1,1), Follow(14,1,1), Follow(15,1,1), Follow(16,1,1), Follow(17,1,1), Follow(18,1,1), Follow(19,1,1), Follow(20,1,1), Follow(21,1,1), Follow(22,1,1), Follow(23,1,1), Follow(24,1,1), Follow(25,1,1), Follow(26,1,1), Follow(27,1,1), Follow(28,1,1), Follow(29,1,1), Follow(30,1,1), Follow(31,1,1), Follow(32,1,1), Follow(33,1,1), Follow(34,1,1), Follow(35,1,1), Follow(36,1,1), Follow(37,1,1), Follow(38,1,1), Follow(39,1,1), Follow(40,1,1), Follow(41,1,1), Follow(42,1,1), Follow(43,1,1), Follow(44,1,1), Follow(45,1,1), Follow(46,1,1), Follow(47,1,1), Follow(48,1,1), Follow(49,1,1), Follow(50,1,1), Follow(51,1,1), Follow(52,1,1), Follow(53,1,1), Follow(54,1,1), Follow(55,1,1), Follow(56,1,1), Follow(57,1,1), Follow(58,1,1), Follow(59,1,1), Follow(60,1,1), Follow(61,1,1), Follow(62,1,1), Follow(1,1,1), Follow(2,1,1), Follow(3,1,1), Follow(4,1,1), Follow(5,1,1), Follow(6,1,1), Follow(7,1,1), Follow(8,1,1), Follow(9,1,1), Follow(10,1,1), Follow(11,1,1), Follow(12,1,1), Follow(13,1,1), Follow(14,1,1), Follow(15,1,1), Follow(16,1,1), Follow(17,1,1), Follow(18,1,1), Follow(19,1,1), Follow(20,1,1), Follow(21,1,1), Follow(22,1,1), Follow(23,1,1), Follow(24,1,1), Follow(25,1,1), Follow(26,1,1), Follow(27,1,1), Follow(28,1,1), Follow(29,1,1), Follow(30,1,1), Follow(31,1,1), Follow(32,1,1), Follow(33,1,1), Follow(34,1,1), Follow(35,1,1), Follow(36,1,1), Follow(37,1,1), Follow(38,1,1), Follow(39,1,1), Follow(40,1,1), Follow(41,1,1), Follow(42,1,1), Follow(43,1,1), Follow(44,1,1), Follow(45,1,1), Follow(46,1,1), Follow(47,1,1), Follow(48,1,1), Follow(49,1,1), Follow(50,1,1), Follow(51,1,1), Follow(52,1,1), Follow(53,1,1), Follow(54,1,1), Follow(55,1,1), Follow(56,1,1), Follow(57,1,1), Follow(58,1,1), Follow(59,1,1), Follow(60,1,1), Follow(61,1,1), Follow(62,1,1), Follow(63,1,1), Follow(1,1,1), Follow(2,1,1), Follow(3,1,1), Follow(4,1,1), Follow(5,1,1), Follow(6,1,1), Follow(7,1,1), Follow(8,1,1), Follow(9,1,1), Follow(10,1,1), Follow(11,1,1), Follow(12,1,1), Follow(13,1,1), Follow(14,1,1), Follow(15,1,1), Follow(16,1,1), Follow(17,1,1), Follow(18,1,1), Follow(19,1,1), Follow(20,1,1), Follow(21,1,1), Follow(22,1,1), Follow(23,1,1), Follow(24,1,1), Follow(25,1,1), Follow(26,1,1), Follow(27,1,1), Follow(28,1,1), Follow(29,1,1), Follow(30,1,1), Follow(31,1,1), Follow(32,1,1), Follow(33,1,1), Follow(34,1,1), Follow(35,1,1), Follow(36,1,1), Follow(37,1,1), Follow(38,1,1), Follow(39,1,1), Follow(40,1,1), Follow(41,1,1), Follow(42,1,1), Follow(43,1,1), Follow(44,1,1), Follow(45,1,1), Follow(46,1,1), Follow(47,1,1), Follow(48,1,1), Follow(49,1,1), Follow(50,1,1), Follow(51,1,1), Follow(52,1,1), Follow(53,1,1), Follow(54,1,1), Follow(55,1,1), Follow(56,1,1), Follow(57,1,1), Follow(58,1,1), Follow(59,1,1), Follow(60,1,1), Follow(61,1,1), Follow(62,1,1), Follow(63,1,1), Follow(64,1,1), Follow(1,1,1), Follow(2,1,1), Follow(3,1,1), Follow(4,1,1), Follow(5,1,1), Follow(6,1,1), Follow(7,1,1), Follow(8,1,1), Follow(9,1,1), Follow(10,1,1), Follow(11,1,1), Follow(12,1,1), Follow(13,1,1), Follow(14,1,1), Follow(15,1,1), Follow(16,1,1), Follow(17,1,1), Follow(18,1,1), Follow(19,1,1), Follow(20,1,1), Follow(21,1,1), Follow(22,1,1), Follow(23,1,1), Follow(24,1,1), Follow(25,1,1), Follow(26,1,1), Follow(27,1,1), Follow(28,1,1), Follow(29,1,1), Follow(30,1,1), Follow(31,1,1), Follow(32,1,1), Follow(33,1,1), Follow(34,1,1), Follow(35,1,1), Follow(36,1,1), Follow(37,1,1), Follow(38,1,1), Follow(39,1,1), Follow(40,1,1), Follow(41,1,1), Follow(42,1,1), Follow(43,1,1), Follow(44,1,1), Follow(45,1,1), Follow(46,1,1), Follow(47,1,1), Follow(48,1,1), Follow(49,1,1), Follow(50,1,1), Follow(51,1,1), Follow(52,1,1), Follow(53,1,1), Follow(54,1,1), Follow(55,1,1), Follow(56,1,1), Follow(57,1,1), Follow(58,1,1), Follow(59,1,1), Follow(60,1,1), Follow(61,1,1), Follow(62,1,1), Follow(63,1,1), Follow(64,1,1), Follow(65,1,1), Follow(1,1,1), Follow(2,1,1), Follow(3,1,1), Follow(4,1,1), Follow(5,1,1), Follow(6,1,1), Follow(7,1,1), Follow(8,1,1), Follow(9,1,1), Follow(10,1,1), Follow(11,1,1), Follow(12,1,1), Follow(13,1,1), Follow(14,1,1), Follow(15,1,1), Follow(16,1,1), Follow(17,1,1), Follow(18,1,1), Follow(19,1,1), Follow(20,1,1), Follow(21,1,1), Follow(22,1,1), Follow(23,1,1), Follow(24,1,1), Follow(25,1,1), Follow(26,1,1), Follow(27,1,1), Follow(28,1,1), Follow(29,1,1), Follow(30,1,1), Follow(31,1,1), Follow(32,1,1), Follow(33,1,1), Follow(34,1,1), Follow(35,1,1), Follow(36,1,1), Follow(37,1,1), Follow(38,1,1), Follow(39,1,1), Follow(40,1,1), Follow(41,1,1), Follow(42,1,1), Follow(43,1,1), Follow(44,1,1), Follow(45,1,1), Follow(46,1,1), Follow(47,1,1), Follow(48,1,1), Follow(49,1,1), Follow(50,1,1), Follow(51,1,1), Follow(52,1,1), Follow(53,1,1), Follow(54,1,1), Follow(55,1,1), Follow(56,1,1), Follow(57,1,1), Follow(58,1,1), Follow(59,1,1), Follow(60,1,1), Follow(61,1,1), Follow(62,1,1), Follow(63,1,1), Follow(64,1,1), Follow(65,1,1), Follow(66,1,1), Follow(1,1,1), Follow(2,1,1), Follow(3,1,1), Follow(4,1,1), Follow(5,1,1), Follow(6,1,1), Follow(7,1,1), Follow(8,1,1), Follow(9,1,1), Follow(10,1,1), Follow(11,1,1), Follow(12,1,1), Follow(13,1,1), Follow(14,1,1), Follow(15,1,1), Follow(16,1,1), Follow(17,1,1), Follow(18,1,1), Follow(19,1,1), Follow(20,1,1), Follow(21,1,1), Follow(22,1,1), Follow(23,1,1), Follow(24,1,1), Follow(25,1,1), Follow(26,1,1), Follow(27,1,1), Follow(28,1,1), Follow(29,1,1), Follow(30,1,1), Follow(31,1,1), Follow(32,1,1), Follow(33,1,1), Follow(34,1,1), Follow(35,1,1), Follow(36,1,1), Follow(37,1,1), Follow(38,1,1), Follow(39,1,1), Follow(40,1,1), Follow(41,1,1), Follow(42,1,1), Follow(43,1,1), Follow(44,1,1), Follow(45,1,1), Follow(46,1,1), Follow(47,1,1), Follow(48,1,1), Follow(49,1,1), Follow(50,1,1), Follow(51,1,1), Follow(52,1,1), Follow(53,1,1), Follow(54,1,1), Follow(55,1,1), Follow(56,1,1), Follow(57,1,1), Follow(58,1,1), Follow(59,1,1), Follow(60,1,1), Follow(61,1,1), Follow(62,1,1), Follow(63,1,1), Follow(64,1,1), Follow(65,1,1), Follow(66,1,1), Follow(67,1,1), Follow(1,1,1), Follow(2,1,1), Follow(3,1,1), Follow(4,1,1), Follow(5,1,1), Follow(6,1,1), Follow(7,1,1), Follow(8,1,1), Follow(9,1,1), Follow(10,1,1), Follow(11,1,1), Follow(12,1,1), Follow(13,1,1), Follow(14,1,1), Follow(15,1,1), Follow(16,1,1), Follow(17,1,1), Follow(18,1,1), Follow(19,1,1), Follow(20,1,1), Follow(21,1,1), Follow(22,1,1), Follow(23,1,1), Follow(24,1,1), Follow(25,1,1), Follow(26,1,1), Follow(27,1,1), Follow(28,1,1), Follow(29,1,1), Follow(30,1,1), Follow(31,1,1), Follow(32,1,1), Follow(33,1,1), Follow(34,1,1), Follow(35,1,1), Follow(36,1,1), Follow(37,1,1), Follow(38,1,1), Follow(39,1,1), Follow(40,1,1), Follow(41,1,1), Follow(42,1,1), Follow(43,1,1), Follow(44,1,1), Follow(45,1,1), Follow(46,1,1), Follow(47,1,1), Follow(48,1,1), Follow(49,1,1), Follow(50,1,1), Follow(51,1,1), Follow(52,1,1), Follow(53,1,1), Follow(54,1,1), Follow(55,1,1), Follow(56,1,1), Follow(57,1,1), Follow(58,1,1), Follow(59,1,1), Follow(60,1,1), Follow(61,1,1), Follow(62,1,1), Follow(63,1,1), Follow(64,1,1), Follow(65,1,1), Follow(66,1,1), Follow(67,1,1), Follow(68,1,1), Follow(1,1,1), Follow(2,1,1), Follow(3,1,1), Follow(4,1,1), Follow(5,1,1), Follow(6,1,1), Follow(7,1,1), Follow(8,1,1), Follow(9,1,1), Follow(10,1,1), Follow(11,1,1), Follow(12,1,1), Follow(13,1,1), Follow(14,1,1), Follow(15,1,1), Follow(16,1,1), Follow(17,1,1), Follow(18,1,1), Follow(19,1,1), Follow(20,1,1), Follow(21,1,1), Follow(22,1,1), Follow(23,1,1), Follow(24,1,1), Follow(25,1,1), Follow(26,1,1), Follow(27,1,1), Follow(28,1,1), Follow(29,1,1), Follow(30,1,1), Follow(31,1,1), Follow(32,1,1), Follow(33,1,1), Follow(34,1,1), Follow(35,1,1), Follow(36,1,1), Follow(37,1,1), Follow(38,1,1), Follow(39,1,1), Follow(40,1,1), Follow(41,1,1), Follow(42,1,1), Follow(43,1,1), Follow(44,1,1), Follow(45,1,1), Follow(46,1,1), Follow(47,1,1), Follow(48,1,1), Follow(49,1,1), Follow(50,1,1), Follow(51,1,1), Follow(52,1,1), Follow(53,1,1), Follow(54,1,1), Follow(55,1,1), Follow(56,1,1), Follow(57,1,1), Follow(58,1,1), Follow(59,1,1), Follow(60,1,1), Follow(61,1,1), Follow(62,1,1), Follow(63,1,1), Follow(64,1,1), Follow(65,1,1), Follow(66,1,1), Follow(67,1,1), Follow(68,1,1), Follow(69,1,1), Follow(1,1,1), Follow(2,1,1), Follow(3,1,1), Follow(4,1,1), Follow(5,1,1), Follow(6,1,1), Follow(7,1,1), Follow(8,1,1), Follow(9,1,1), Follow(10,1,1), Follow(11,1,1), Follow(12,1,1), Follow(13,1,1), Follow(14,1,1), Follow(15,1,1), Follow(16,1,1), Follow(17,1,1), Follow(18,1,1), Follow(19,1,1), Follow(20,1,1), Follow(21,1,1), Follow(22,1,1), Follow(23,1,1), Follow(24,1,1), Follow(25,1,1), Follow(26,1,1), Follow(27,1,1), Follow(28,1,1), Follow(29,1,1), Follow(30,1,1), Follow(31,1,1), Follow(32,1,1), Follow(33,1,1), Follow(34,1,1), Follow(35,1,1), Follow(36,1,1), Follow(37,1,1), Follow(38,1,1), Follow(39,1,1), Follow(40,1,1), Follow(41,1,1), Follow(42,1,1), Follow(43,1,1), Follow(44,1,1), Follow(45,1,1), Follow(46,1,1), Follow(47,1,1), Follow(48,1,1), Follow(49,1,1), Follow(50,1,1), Follow(51,1,1), Follow(52,1,1), Follow(53,1,1), Follow(54,1,1), Follow(55,1,1), Follow(56,1,1), Follow(57,1,1), Follow(58,1,1), Follow(59,1,1), Follow(60,1,1), Follow(61,1,1), Follow(62,1,1), Follow(63,1,1), Follow(64,1,1), Follow(65,1,1), Follow(66,1,1), Follow(67,1,1), Follow(68,1,1), Follow(69,1,1), Follow(70,1,1), Follow(1,1,1), Follow(2,1,1), Follow(3,1,1), Follow(4,1,1), Follow(5,1,1), Follow(6,1,1), Follow(7,1,1), Follow(8,1,1), Follow(9,1,1), Follow(10,1,1), Follow(11,1,1), Follow(12,1,1), Follow(13,1,1), Follow(14,1,1), Follow(15,1,1), Follow(16,1,1), Follow(17,1,1), Follow(18,1,1), Follow(19,1,1), Follow(20,1,1), Follow(21,1,1), Follow(22,1,1), Follow(23,1,1), Follow(24,1,1), Follow(25,1,1), Follow(26,1,1), Follow(27,1,1), Follow(28,1,1), Follow(29,1,1), Follow(30,1,1), Follow(31,1,1), Follow(32,1,1), Follow(33,1,1), Follow(34,1,1), Follow(35,1,1), Follow(36,1,1), Follow(37,1,1), Follow(38,1,1), Follow(39,1,1), Follow(40,1,1), Follow(41,1,1), Follow(42,1,1), Follow(43,1,1), Follow(44,1,1), Follow(45,1,1), Follow(46,1,1), Follow(47,1,1), Follow(48,1,1), Follow(49,1,1), Follow(50,1,1), Follow(51,1,1), Follow(52,1,1), Follow(53,1,1), Follow(54,1,1), Follow(55,1,1), Follow(56,1,1), Follow(57,1,1), Follow(58,1,1), Follow(59,1,1), Follow(60,1,1), Follow(61,1,1), Follow(62,1,1), Follow(63,1,1), Follow(64,1,1), Follow(65,1,1), Follow(66,1,1), Follow(67,1,1), Follow(68,1,1), Follow(69,1,1), Follow(70,1,1), Follow(71,1,1), Follow(1,1,1), Follow(2,1,1), Follow(3,1,1), Follow(4,1,1), Follow(5,1,1), Follow(6,1,1), Follow(7,1,1), Follow(8,1,1), Follow(9,1,1), Follow(10,1,1), Follow(11,1,1), Follow(12,1,1), Follow(13,1,1), Follow(14,1,1), Follow(15,1,1), Follow(16,1,1), Follow(17,1,1), Follow(18,1,1), Follow(19,1,1), Follow(20,1,1), Follow(21,1,1), Follow(22,1,1), Follow(23,1,1), Follow(24,1,1), Follow(25,1,1), Follow(26,1,1), Follow(27,1,1), Follow(28,1,1), Follow(29,1,1), Follow(30,1,1), Follow(31,1,1), Follow(32,1,1), Follow(33,1,1), Follow(34,1,1), Follow(35,1,1), Follow(36,1,1), Follow(37,1,1), Follow(38,1,1), Follow(39,1,1), Follow(40,1,1), Follow(41,1,1), Follow(42,1,1), Follow(43,1,1), Follow(44,1,1), Follow(45,1,1), Follow(46,1,1), Follow(47,1,1), Follow(48,1,1), Follow(49,1,1), Follow(50,1,1), Follow(51,1,1), Follow(52,1,1), Follow(53,1,1), Follow(54,1,1), Follow(55,1,1), Follow(56,1,1), Follow(57,1,1), Follow(58,1,1), Follow(59,1,1), Follow(60,1,1), Follow(61,1,1), Follow(62,1,1), Follow(63,1,1), Follow(64,1,1), Follow(65,1,1), Follow(66,1,1), Follow(67,1,1), Follow(68,1,1), Follow(69,1,1), Follow(70,1,1), Follow(71,1,1), Follow(72,1,1), Follow(1,1,1), Follow(2,1,1), Follow(3,1,1), Follow(4,1,1), Follow(5,1,1), Follow(6,1,1), Follow(7,1,1), Follow(8,1,1), Follow(9,1,1), Follow(10,1,1), Follow(11,1,1), Follow(12,1,1), Follow(13,1,1), Follow(14,1,1), Follow(15,1,1), Follow(16,1,1), Follow(17,1,1), Follow(18,1,1), Follow(19,1,1), Follow(20,1,1), Follow(21,1,1), Follow(22,1,1), Follow(23,1,1), Follow(24,1,1), Follow(25,1,1), Follow(26,1,1), Follow(27,1,1), Follow(28,1,1), Follow(29,1,1), Follow(30,1,1), Follow(31,1,1), Follow(32,1,1), Follow(33,1,1), Follow(34,1,1), Follow(35,1,1), Follow(36,1,1), Follow(37,1,1), Follow(38,1,1), Follow(39,1,1), Follow(40,1,1), Follow(41,1,1), Follow(42,1,1), Follow(43,1,1), Follow(44,1,1), Follow(45,1,1), Follow(46,1,1), Follow(47,1,1), Follow(48,1,1), Follow(49,1,1), Follow(50,1,1), Follow(51,1,1), Follow(52,1,1), Follow(53,1,1), Follow(54,1,1), Follow(55,1,1), Follow(56,1,1), Follow(57,1,1), Follow(58,1,1), Follow(59,1,1), Follow(60,1,1), Follow(61,1,1), Follow(62,1,1), Follow(63,1,1), Follow(64,1,1), Follow(65,1,1), Follow(66,1,1), Follow(67,1,1), Follow(68,1,1), Follow(69,1,1), Follow(70,1,1), Follow(71,1,1), Follow(72,1,1), Follow(73,1,1), Follow(1,1,1), Follow(2,1,1), Follow(3,1,1), Follow(4,1,1), Follow(5,1,1), Follow(6,1,1), Follow(7,1,1), Follow(8,1,1), Follow(9,1,1), Follow(10,1,1), Follow(11,1,1), Follow(12,1,1), Follow(13,1,1), Follow(14,1,1), Follow(15,1,1), Follow(16,1,1), Follow(17,1,1), Follow(18,1,1), Follow(19,1,1), Follow(20,1,1), Follow(21,1,1), Follow(22,1,1), Follow(23,1,1), Follow(24,1,1), Follow(25,1,1), Follow(26,1,1), Follow(27,1,1), Follow(28,1,1), Follow(29,1,1), Follow(30,1,1), Follow(31,1,1), Follow(32,1,1), Follow(33,1,1), Follow(34,1,1), Follow(35,1,1), Follow(36,1,1), Follow(37,1,1), Follow(38,1,1), Follow(39,1,1), Follow(40,1,1), Follow(41,1,1), Follow(42,1,1), Follow(43,1,1), Follow(44,1,1), Follow(45,1,1), Follow(46,1,1), Follow(47,1,1), Follow(48,1,1), Follow(49,1,1), Follow(50,1,1), Follow(51,1,1), Follow(52,1,1), Follow(53,1,1), Follow(54,1,1), Follow(55,1,1), Follow(56,1,1), Follow(57,1,1), Follow(58,1,1), Follow(59,1,1), Follow(60,1,1), Follow(61,1,1), Follow(62,1,1), Follow(63,1,1), Follow(64,1,1), Follow(65,1,1), Follow(66,1,1), Follow(67,1,1), Follow(68,1,1), Follow(69,1,1), Follow(70,1,1), Follow(71,1,1), Follow(72,1,1), Follow(73,1,1), Follow(74,1,1), Follow(1,1,1), Follow(2,1,1), Follow(3,1,1), Follow(4,1,1), Follow(5,1,1), Follow(6,1,1), Follow(7,1,1), Follow(8,1,1), Follow(9,1,1), Follow(10,1,1), Follow(11,1,1), Follow(12,1,1), Follow(13,1,1), Follow(14,1,1), Follow(15,1,1), Follow(16,1,1), Follow(17,1,1), Follow(18,1,1), Follow(19,1,1), Follow(20,1,1), Follow(21,1,1), Follow(22,1,1), Follow(23,1,1), Follow(24,1,1), Follow(25,1,1), Follow(26,1,1), Follow(27,1,1), Follow(28,1,1), Follow(29,1,1), Follow(30,1,1), Follow(31,1,1), Follow(32,1,1), Follow(33,1,1), Follow(34,1,1), Follow(35,1,1), Follow(36,1,1), Follow(37,1,1), Follow(38,1,1), Follow(39,1,1), Follow(40,1,1), Follow(41,1,1), Follow(42,1,1), Follow(43,1,1), Follow(44,1,1), Follow(45,1,1), Follow(46,1,1), Follow(47,1,1), Follow(48,1,1), Follow(49,1,1), Follow(50,1,1), Follow(51,1,1), Follow(52,1,1), Follow(53,1,1), Follow(54,1,1), Follow(55,1,1), Follow(56,1,1), Follow(57,1,1), Follow(58,1,1), Follow(59,1,1), Follow(60,1,1), Follow(61,1,1), Follow(62,1,1), Follow(63,1,1), Follow(64,1,1), Follow(65,1,1), Follow(66,1,1), Follow(67,1,1), Follow(68,1,1), Follow(69,1,1), Follow(70,1,1), Follow(71,1,1), Follow(72,1,1), Follow(73,1,1), Follow(74,1,1), Follow(75,1,1), Follow(1,1,1), Follow(2,1,1), Follow(3,1,1), Follow(4,1,1), Follow(5,1,1), Follow(6,1,1), Follow(7,1,1), Follow(8,1,1), Follow(9,1,1), Follow(10,1,1), Follow(11,1,1), Follow(12,1,1), Follow(13,1,1), Follow(14,1,1), Follow(15,1,1), Follow(16,1,1), Follow(17,1,1), Follow(18,1,1), Follow(19,1,1), Follow(20,1,1), Follow(21,1,1), Follow(22,1,1), Follow(23,1,1), Follow(24,1,1), Follow(25,1,1), Follow(26,1,1), Follow(27,1,1), Follow(28,1,1), Follow(29,1,1), Follow(30,1,1), Follow(31,1,1), Follow(32,1,1), Follow(33,1,1), Follow(34,1,1), Follow(35,1,1), Follow(36,1,1), Follow(37,1,1), Follow(38,1,1), Follow(39,1,1), Follow(40,1,1), Follow(41,1,1), Follow(42,1,1), Follow(43,1,1), Follow(44,1,1), Follow(45,1,1), Follow(46,1,1), Follow(47,1,1), Follow(48,1,1), Follow(49,1,1), Follow(50,1,1), Follow(51,1,1), Follow(52,1,1), Follow(53,1,1), Follow(54,1,1), Follow(55,1,1), Follow(56,1,1), Follow(57,1,1), Follow(58,1,1), Follow(59,1,1), Follow(60,1,1), Follow(61,1,1), Follow(62,1,1), Follow(63,1,1), Follow(64,1,1), Follow(65,1,1), Follow(66,1,1), Follow(67,1,1), Follow(68,1,1), Follow(69,1,1), Follow(70,1,1), Follow(71,1,1), Follow(72,1,1), Follow(73,1,1), Follow(74,1,1), Follow(75,1,1), Follow(76,1,1), Follow(1,1,1), Follow(2,1,1), Follow(3,1,1), Follow(4,1,1), Follow(5,1,1), Follow(6,1,1), Follow(7,1,1), Follow(8,1,1), Follow(9,1,1), Follow(10,1,1), Follow(11,1,1), Follow(12,1,1), Follow(13,1,1), Follow(14,1,1), Follow(15,1,1), Follow(16,1,1), Follow(17,1,1), Follow(18,1,1), Follow(19,1,1), Follow(20,1,1), Follow(21,1,1), Follow(22,1,1), Follow(23,1,1), Follow(24,1,1), Follow(25,1,1), Follow(26,1,1), Follow(27,1,1), Follow(28,1,1), Follow(29,1,1), Follow(30,1,1), Follow(31,1,1), Follow(32,1,1), Follow(33,1,1), Follow(34,1,1), Follow(35,1,1), Follow(36,1,1), Follow(37,1,1), Follow(38,1,1), Follow(39,1,1), Follow(40,1,1), Follow(41,1,1), Follow(42,1,1), Follow(43,1,1), Follow(44,1,1), Follow(45,1,1), Follow(46,1,1), Follow(47,1,1), Follow(48,1,1), Follow(49,1,1), Follow(50,1,1), Follow(51,1,1), Follow(52,1,1), Follow(53,1,1), Follow(54,1,1), Follow(55,1,1), Follow(56,1,1), Follow(57,1,1), Follow(58,1,1), Follow(59,1,1), Follow(60,1,1), Follow(61,1,1), Follow(62,1,1), Follow(63,1,1), Follow(64,1,1), Follow(65,1,1), Follow(66,1,1), Follow(67,1,1), Follow(68,1,1), Follow(69,1,1), Follow(70,1,1), Follow(71,1,1), Follow(72,1,1), Follow(73,1,1), Follow(74,1,1), Follow(75,1,1), Follow(76,1,1), Follow(77,1,1), Follow(1,1,1), Follow(2,1,1), Follow(3,1,1), Follow(4,1,1), Follow(5,1,1), Follow(6,1,1), Follow(7,1,1), Follow(8,1,1), Follow(9,1,1), Follow(10,1,1), Follow(11,1,1), Follow(12,1,1), Follow(13,1,1), Follow(14,1,1), Follow(15,1,1), Follow(16,1,1), Follow(17,1,1), Follow(18,1,1), Follow(19,1,1), Follow(20,1,1), Follow(21,1,1), Follow(22,1,1), Follow(23,1,1), Follow(24,1,1), Follow(25,1,1), Follow(26,1,1), Follow(27,1,1), Follow(28,1,1), Follow(29,1,1), Follow(30,1,1), Follow(31,1,1), Follow(32,1,1), Follow(33,1,1), Follow(34,1,1), Follow(35,1,1), Follow(36,1,1), Follow(37,1,1), Follow(38,1,1), Follow(39,1,1), Follow(40,1,1), Follow(41,1,1), Follow(42,1,1), Follow(43,1,1), Follow(44,1,1), Follow(45,1,1), Follow(46,1,1), Follow(47,1,1), Follow(48,1,1), Follow(49,1,1), Follow(50,1,1), Follow(51,1,1), Follow(52,1,1), Follow(53,1,1), Follow(54,1,1), Follow(55,1,1), Follow(56,1,1), Follow(57,1,1), Follow(58,1,1), Follow(59,1,1), Follow(60,1,1), Follow(61,1,1), Follow(62,1,1), Follow(63,1,1), Follow(64,1,1), Follow(65,1,1), Follow(66,1,1), Follow(67,1,1), Follow(68,1,1), Follow(69,1,1), Follow(70,1,1), Follow(71,1,1), Follow(72,1,1), Follow(73,1,1), Follow(74,1,1), Follow(75,1,1), Follow(76,1,1), Follow(77,1,1), Follow(78,1,1), Follow(1,1,1), Follow(2,1,1), Follow(3,1,1), Follow(4,1,1), Follow(5,1,1), Follow(6,1,1), Follow(7,1,1), Follow(8,1,1), Follow(9,1,1), Follow(10,1,1), Follow(11,1,1), Follow(12,1,1), Follow(13,1,1), Follow(14,1,1), Follow(15,1,1), Follow(16,1,1), Follow(17,1,1), Follow(18,1,1), Follow(19,1,1), Follow(20,1,1), Follow(21,1,1), Follow(22,1,1), Follow(23,1,1), Follow(24,1,1), Follow(25,1,1), Follow(26,1,1), Follow(27,1,1), Follow(28,1,1), Follow(29,1,1), Follow(30,1,1), Follow(31,1,1), Follow(32,1,1), Follow(33,1,1), Follow(34,1,1), Follow(35,1,1), Follow(36,1,1), Follow(37,1,1), Follow(38,1,1), Follow(39,1,1), Follow(40,1,1), Follow(41,1,1), Follow(42,1,1), Follow(43,1,1), Follow(44,1,1), Follow(45,1,1), Follow(46,1,1), Follow(47,1,1), Follow(48,1,1), Follow(49,1,1), Follow(50,1,1), Follow(51,1,1), Follow(52,1,1), Follow(53,1,1), Follow(54,1,1), Follow(55,1,1), Follow(56,1,1), Follow(57,1,1), Follow(58,1,1), Follow(59,1,1), Follow(60,1,1), Follow(61,1,1), Follow(62,1,1), Follow(63,1,1), Follow(64,1,1), Follow(65,1,1), Follow(66,1,1), Follow(67,1,1), Follow(68,1,1), Follow(69,1,1), Follow(70,1,1), Follow(71,1,1), Follow(72,1,1), Follow(73,1,1), Follow(74,1,1), Follow(75,1,1), Follow(76,1,1), Follow(77,1,1), Follow(78,1,1), Follow(79,1,1), Follow(1,1,1), Follow(2,1,1), Follow(3,1,1), Follow(4,1,1), Follow(5,1,1), Follow(6,1,1), Follow(7,1,1), Follow(8,1,1), Follow(9,1,1), Follow(10,1,1), Follow(11,1,1), Follow(12,1,1), Follow(13,1,1), Follow(14,1,1), Follow(15,1,1), Follow(16,1,1), Follow(17,1,1), Follow(18,1,1), Follow(19,1,1), Follow(20,1,1), Follow(21,1,1), Follow(22,1,1), Follow(23,1,1), Follow(24,1,1), Follow(25,1,1), Follow(26,1,1), Follow(27,1,1), Follow(28,1,1), Follow(29,1,1), Follow(30,1,1), Follow(31,1,1), Follow(32,1,1), Follow(33,1,1), Follow(34,1,1), Follow(35,1,1), Follow(36,1,1), Follow(37,1,1), Follow(38,1,1), Follow(39,1,1), Follow(40,1,1), Follow(41,1,1), Follow(42,1,1), Follow(43,1,1), Follow(44,1,1), Follow(45,1,1), Follow(46,1,1), Follow(47,1,1), Follow(48,1,1), Follow(49,1,1), Follow(50,1,1), Follow(51,1,1), Follow(52,1,1), Follow(53,1,1), Follow(54,1,1), Follow(55,1,1), Follow(56,1,1), Follow(57,1,1), Follow(58,1,1), Follow(59,1,1), Follow(60,1,1), Follow(61,1,1), Follow(62,1,1), Follow(63,1,1), Follow(64,1,1), Follow(65,1,1), Follow(66,1,1), Follow(67,1,1), Follow(68,1,1), Follow(69,1,1), Follow(70,1,1), Follow(71,1,1), Follow(72,1,1), Follow(73,1,1), Follow(74,1,1), Follow(75,1,1), Follow(76,1,1), Follow(77,1,1), Follow(78,1,1), Follow(79,1,1), Follow(80,1,1), Follow(1,1,1), Follow(2,1,1), Follow(3,1,1), Follow(4,1,1), Follow(5,1,1), Follow(6,1,1), Follow(7,1,1), Follow(8,1,1), Follow(9,1,1), Follow(10,1,1), Follow(11,1,1), Follow(12,1,1), Follow(13,1,1), Follow(14,1,1), Follow(15,1,1), Follow(16,1,1), Follow(17,1,1), Follow(18,1,1), Follow(19,1,1), Follow(20,1,1), Follow(21,1,1), Follow(22,1,1), Follow(23,1,1), Follow(24,1,1), Follow(25,1,1), Follow(26,1,1), Follow(27,1,1), Follow(28,1,1), Follow(29,1,1), Follow(30,1,1), Follow(31,1,1), Follow(32,1,1), Follow(33,1,1), Follow(34,1,1), Follow(35,1,1), Follow(36,1,1), Follow(37,1,1), Follow(38,1,1), Follow(39,1,1), Follow(40,1,1), Follow(41,1,1), Follow(42,1,1), Follow(43,1,1), Follow(44,1,1), Follow(45,1,1), Follow(46,1,1), Follow(47,1,1), Follow(48,1,1), Follow(49,1,1), Follow(50,1,1), Follow(51,1,1), Follow(52,1,1), Follow(53,1,1), Follow(54,1,1), Follow(55,1,1), Follow(56,1,1), Follow(57,1,1), Follow(58,1,1), Follow(59,1,1), Follow(60,1,1), Follow(61,1,1), Follow(62,1,1), Follow(63,1,1), Follow(64,1,1), Follow(65,1,1), Follow(66,1,1), Follow(67,1,1), Follow(68,1,1), Follow(69,1,1), Follow(70,1,1), Follow(71,1,1), Follow(72,1,1), Follow(73,1,1), Follow(74,1,1), Follow(75,1,1), Follow(76,1,1), Follow(77,1,1), Follow(78,1,1), Follow(79,1,1), Follow(80,1,1), Follow(81,1,1), Follow(1,1,1), Follow(2,1,1), Follow(3,1,1), Follow(4,1,1), Follow(5,1,1), Follow(6,1,1), Follow(7,1,1), Follow(8,1,1), Follow(9,1,1), Follow(10,1,1), Follow(11,1,1), Follow(12,1,1), Follow(13,1,1), Follow(14,1,1), Follow(15,1,1), Follow(16,1,1), Follow(17,1,1), Follow(18,1,1), Follow(19,1,1), Follow(20,1,1), Follow(21,1,1), Follow(22,1,1), Follow(23,1,1), Follow(24,1,1), Follow(25,1,1), Follow(26,1,1), Follow(27,1,1), Follow(28,1,1), Follow(29,1,1), Follow(30,1,1), Follow(31,1,1), Follow(32,1,1), Follow(33,1,1), Follow(34,1,1), Follow(35,1,1), Follow(36,1,1), Follow(37,1,1), Follow(38,1,1), Follow(39,1,1), Follow(40,1,1), Follow(41,1,1), Follow(42,1,1), Follow(43,1,1), Follow(44,1,1), Follow(45,1,1), Follow(46,1,1), Follow(47,1,1), Follow(48,1,1), Follow(49,1,1), Follow(50,1,1), Follow(51,1,1), Follow(52,1,1), Follow(53,1,1), Follow(54,1,1), Follow(55,1,1), Follow(56,1,1), Follow(57,1,1), Follow(58,1,1), Follow(59,1,1), Follow(60,1,1), Follow(61,1,1), Follow(62,1,1), Follow(63,1,1), Follow(64,1,1), Follow(65,1,1), Follow(66,1,1), Follow(67,1,1), Follow(68,1,1), Follow(69,1,1), Follow(70,1,1), Follow(71,1,1), Follow(72,1,1), Follow(73,1,1), Follow(74,1,1), Follow(75,1,1), Follow(76,1,1), Follow(77,1,1), Follow(78,1,1), Follow(79,1,1), Follow(80,1,1), Follow(81,1,1), Follow(82,1,1), Follow(1,1,1), Follow(2,1,1), Follow(3,1,1), Follow(4,1,1), Follow(5,1,1), Follow(6,1,1), Follow(7,1,1), Follow(8,1,1), Follow(9,1,1), Follow(10,1,1), Follow(11,1,1), Follow(12,1,1), Follow(13,1,1), Follow(14,1,1), Follow(15,1,1), Follow(16,1,1), Follow(17,1,1), Follow(18,1,1), Follow(19,1,1), Follow(20,1,1), Follow(21,1,1), Follow(22,1,1), Follow(23,1,1), Follow(24,1,1), Follow(25,1,1), Follow(26,1,1), Follow(27,1,1), Follow(28,1,1), Follow(29,1,1), Follow(30,1,1), Follow(31,1,1), Follow(32,1,1), Follow(33,1,1), Follow(34,1,1), Follow(35,1,1), Follow(36,1,1), Follow(37,1,1), Follow(38,1,1), Follow(39,1,1), Follow(40,1,1), Follow(41,1,1), Follow(42,1,1), Follow(43,1,1), Follow(44,1,1), Follow(45,1,1), Follow(46,1,1), Follow(47,1,1), Follow(48,1,1), Follow(49,1,1), Follow(50,1,1), Follow(51,1,1), Follow(52,1,1), Follow(53,1,1), Follow(54,1,1), Follow(55,1,1), Follow(56,1,1), Follow(57,1,1), Follow(58,1,1), Follow(59,1,1), Follow(60,1,1), Follow(61,1,1), Follow(62,1,1), Follow(63,1,1), Follow(64,1,1), Follow(65,1,1), Follow(66,1,1), Follow(67,1,1), Follow(68,1,1), Follow(69,1,1), Follow(70,1,1), Follow(71,1,1), Follow(72,1,1), Follow(73,1,1), Follow(74,1,1), Follow(75,1,1), Follow(76,1,1), Follow(77,1,1), Follow(78,1,1), Follow(79,1,1), Follow(80,1,1), Follow(81,1,1), Follow(82,1,1), Follow(83,1,1), Follow(1,1,1), Follow(2,1,1), Follow(3,1,1), Follow(4,1,1), Follow(5,1,1), Follow(6,1,1), Follow(7,1,1), Follow(8,1,1), Follow(9,1,1), Follow(10,1,1), Follow(11,1,1), Follow(12,1,1), Follow(13,1,1), Follow(14,1,1), Follow(15,1,1), Follow(16,1,1), Follow(17,1,1), Follow(18,1,1), Follow(19,1,1), Follow(20,1,1), Follow(21,1,1), Follow(22,1,1), Follow(23,1,1), Follow(24,1,1), Follow(25,1,1), Follow(26,1,1), Follow(27,1,1), Follow(28,1,1), Follow(29,1,1), Follow(30,1,1), Follow(31,1,1), Follow(32,1,1), Follow(33,1,1), Follow(34,1,1), Follow(35,1,1), Follow(36,1,1), Follow(37,1,1), Follow(38,1,1), Follow(39,1,1), Follow(40,1,1), Follow(41,1,1), Follow(42,1,1), Follow(43,1,1), Follow(44,1,1), Follow(45,1,1), Follow(46,1,1), Follow(47,1,1), Follow(48,1,1), Follow(49,1,1), Follow(50,1,1), Follow(51,1,1), Follow(52,1,1), Follow(53,1,1), Follow(54,1,1), Follow(55,1,1), Follow(56,1,1), Follow(57,1,1), Follow(58,1,1), Follow(59,1,1), Follow(60,1,1), Follow(61,1,1), Follow(62,1,1), Follow(63,1,1), Follow(64,1,1), Follow(65,1,1), Follow(66,1,1), Follow(67,1,1), Follow(68,1,1), Follow(69,1,1), Follow(70,1,1), Follow(71,1,1), Follow(72,1,1), Follow(73,1,1), Follow(74,1,1), Follow(75,1,1), Follow(76,1,1), Follow(77,1,1), Follow(78,1,1), Follow(79,1,1), Follow(80,1,1), Follow(81,1,1), Follow(82,1,1), Follow(83,1,1), Follow(84,1,1), Follow(1,1,1), Follow(2,1,1), Follow(3,1,1), Follow(4,1,1), Follow(5,1,1), Follow(6,1,1), Follow(7,1,1), Follow(8,1,1), Follow(9,1,1), Follow(10,1,1), Follow(11,1,1), Follow(12,1,1), Follow(13,1,1), Follow(14,1,1), Follow(15,1,1), Follow(16,1,1), Follow(17,1,1), Follow(18,1,1), Follow(19,1,1), Follow(20,1,1), Follow(21,1,1), Follow(22,1,1), Follow(23,1,1), Follow(24,1,1), Follow(25,1,1), Follow(26,1,1), Follow(27,1,1), Follow(28,1,1), Follow(29,1,1), Follow(30,1,1), Follow(31,1,1), Follow(32,1,1), Follow(33,1,1), Follow(34,1,1), Follow(35,1,1), Follow(36,1,1), Follow(37,1,1), Follow(38,1,1), Follow(39,1,1), Follow(40,1,1), Follow(41,1,1), Follow(42,1,1), Follow(43,1,1), Follow(44,1,1), Follow(45,1,1), Follow(46,1,1), Follow(47,1,1), Follow(48,1,1), Follow(49,1,1), Follow(50,1,1), Follow(51,1,1), Follow(52,1,1), Follow(53,1,1), Follow(54,1,1), Follow(55,1,1), Follow(56,1,1), Follow(57,1,1), Follow(58,1,1), Follow(59,1,1), Follow(60,1,1), Follow(61,1,1), Follow(62,1,1), Follow(63,1,1), Follow(64,1,1), Follow(65,1,1), Follow(66,1,1), Follow(67,1,1), Follow(68,1,1), Follow(69,1,1), Follow(70,1,1), Follow(71,1,1), Follow(72,1,1), Follow(73,1,1), Follow(74,1,1), Follow(75,1,1), Follow(76,1,1), Follow(77,1,1), Follow(78,1,1), Follow(79,1,1), Follow(80,1,1), Follow(81,1,1), Follow(82,1,1), Follow(83,1,1), Follow(84,1,1), Follow(85,1,1), Follow(1,1,1), Follow(2,1,1), Follow(3,1,1), Follow(4,1,1), Follow(5,1,1), Follow(6,1,1), Follow(7,1,1), Follow(8,1,1), Follow(9,1,1), Follow(10,1,1), Follow(11,1,1), Follow(12,1,1), Follow(13,1,1), Follow(14,1,1), Follow(15,1,1), Follow(16,1,1), Follow(17,1,1), Follow(18,1,1), Follow(19,1,1), Follow(20,1,1), Follow(21,1,1), Follow(22,1,1), Follow(23,1,1), Follow(24,1,1), Follow(25,1,1), Follow(26,1,1), Follow(27,1,1), Follow(28,1,1), Follow(29,1,1), Follow(30,1,1), Follow(31,1,1), Follow(32,1,1), Follow(33,1,1), Follow(34,1,1), Follow(35,1,1), Follow(36,1,1), Follow(37,1,1), Follow(38,1,1), Follow(39,1,1), Follow(40,1,1), Follow(41,1,1), Follow(42,1,1), Follow(43,1,1), Follow(44,1,1), Follow(45,1,1), Follow(46,1,1), Follow(47,1,1), Follow(48,1,1), Follow(49,1,1), Follow(50,1,1), Follow(51,1,1), Follow(52,1,1), Follow(53,1,1), Follow(54,1,1), Follow(55,1,1), Follow(56,1,1), Follow(57,1,1), Follow(58,1,1), Follow(59,1,1), Follow(60,1,1), Follow(61,1,1), Follow(62,1,1), Follow(63,1,1), Follow(64,1,1), Follow(65,1,1), Follow(66,1,1), Follow(67,1,1), Follow(68,1,1), Follow(69,1,1), Follow(70,1,1), Follow(71,1,1), Follow(72,1,1), Follow(73,1,1), Follow(74,1,1), Follow(75,1,1), Follow(76,1,1), Follow(77,1,1), Follow(78,1,1), Follow(79,1,1), Follow(80,1,1), Follow(81,1,1), Follow(82,1,1), Follow(83,1,1), Follow(84,1,1), Follow(85,1,1), Follow(86,1,1), Follow(1,1,1), Follow(2,1,1), Follow(3,1,1), Follow(4,1,1), Follow(5,1,1), Follow(6,1,1), Follow(7,1,1), Follow(8,1,1), Follow(9,1,1), Follow(10,1,1), Follow(11,1,1), Follow(12,1,1), Follow(13,1,1), Follow(14,1,1), Follow(15,1,1), Follow(16,1,1), Follow(17,1,1), Follow(18,1,1), Follow(19,1,1), Follow(20,1,1), Follow(21,1,1), Follow(22,1,1), Follow(23,1,1), Follow(24,1,1), Follow(25,1,1), Follow(26,1,1), Follow(27,1,1), Follow(28,1,1), Follow(29,1,1), Follow(30,1,1), Follow(31,1,1), Follow(32,1,1), Follow(33,1,1), Follow(34,1,1), Follow(35,1,1), Follow(36,1,1), Follow(37,1,1), Follow(38,1,1), Follow(39,1,1), Follow(40,1,1), Follow(41,1,1), Follow(42,1,1), Follow(43,1,1), Follow(44,1,1), Follow(45,1,1), Follow(46,1,1), Follow(47,1,1), Follow(48,1,1), Follow(49,1,1), Follow(50,1,1), Follow(51,1,1), Follow(52,1,1), Follow(53,1,1), Follow(54,1,1), Follow(55,1,1), Follow(56,1,1), Follow(57,1,1), Follow(58,1,1), Follow(59,1,1), Follow(60,1,1), Follow(61,1,1), Follow(62,1,1), Follow(63,1,1), Follow(64,1,1), Follow(65,1,1), Follow(66,1,1), Follow(67,1,1), Follow(68,1,1), Follow(69,1,1), Follow(70,1,1), Follow(71,1,1), Follow(72,1,1), Follow(73,1,1), Follow(74,1,1), Follow(75,1,1), Follow(76,1,1), Follow(77,1,1), Follow(78,1,1), Follow(79,1,1), Follow(80,1,1), Follow(81,1,1), Follow(82,1,1), Follow(83,1,1), Follow(84,1,1), Follow(85,1,1), Follow(86,1,1), Follow(87,1,1), Follow(1,1,1), Follow(2,1,1), Follow(3,1,1), Follow(4,1,1), Follow(5,1,1), Follow(6,1,1), Follow(7,1,1), Follow(8,1,1), Follow(9,1,1), Follow(10,1,1), Follow(11,1,1), Follow(12,1,1), Follow(13,1,1), Follow(14,1,1), Follow(15,1,1), Follow(16,1,1), Follow(17,1,1), Follow(18,1,1), Follow(19,1,1), Follow(20,1,1), Follow(21,1,1), Follow(22,1,1), Follow(23,1,1), Follow(24,1,1), Follow(25,1,1), Follow(26,1,1), Follow(27,1,1), Follow(28,1,1), Follow(29,1,1), Follow(30,1,1), Follow(31,1,1), Follow(32,1,1), Follow(33,1,1), Follow(34,1,1), Follow(35,1,1), Follow(36,1,1), Follow(37,1,1), Follow(38,1,1), Follow(39,1,1), Follow(40,1,1), Follow(41,1,1), Follow(42,1,1), Follow(43,1,1), Follow(44,1,1), Follow(45,1,1), Follow(46,1,1), Follow(47,1,1), Follow(48,1,1), Follow(49,1,1), Follow(50,1,1), Follow(51,1,1), Follow(52,1,1), Follow(53,1,1), Follow(54,1,1), Follow(55,1,1), Follow(56,1,1), Follow(57,1,1), Follow(58,1,1), Follow(59,1,1), Follow(60,1,1), Follow(61,1,1), Follow(62,1,1), Follow(63,1,1), Follow(64,1,1), Follow(65,1,1), Follow(66,1,1), Follow(67,1,1), Follow(68,1,1), Follow(69,1,1), Follow(70,1,1), Follow(71,1,1), Follow(72,1,1), Follow(73,1,1), Follow(74,1,1), Follow(75,1,1), Follow(76,1,1), Follow(77,1,1), Follow(78,1,1), Follow(79,1,1), Follow(80,1,1), Follow(81,1,1), Follow(82,1,1), Follow(83,1,1), Follow(84,1,1), Follow(85,1,1), Follow(86,1,1), Follow(87,1,1), Follow(88,1,1), Follow(1,1,1), Follow(2,1,1), Follow(3,1,1), Follow(4,1,1), Follow(5,1,1), Follow(6,1,1), Follow(7,1,1), Follow(8,1,1), Follow(9,1,1), Follow(10,1,1), Follow(11,1,1), Follow(12,1,1), Follow(13,1,1), Follow(14,1,1), Follow(15,1,1), Follow(16,1,1), Follow(17,1,1), Follow(18,1,1), Follow(19,1,1), Follow(20,1,1), Follow(21,1,1), Follow(22,1,1), Follow(23,1,1), Follow(24,1,1), Follow(25,1,1), Follow(26,1,1), Follow(27,1,1), Follow(28,1,1), Follow(29,1,1), Follow(30,1,1), Follow(31,1,1), Follow(32,1,1), Follow(33,1,1), Follow(34,1,1), Follow(35,1,1), Follow(36,1,1), Follow(37,1,1), Follow(38,1,1), Follow(39,1,1), Follow(40,1,1), Follow(41,1,1), Follow(42,1,1), Follow(43,1,1), Follow(44,1,1), Follow(45,1,1), Follow(46,1,1), Follow(47,1,1), Follow(48,1,1), Follow(49,1,1), Follow(50,1,1), Follow(51,1,1), Follow(52,1,1), Follow(53,1,1), Follow(54,1,1), Follow(55,1,1), Follow(56,1,1), Follow(57,1,1), Follow(58,1,1), Follow(59,1,1), Follow(60,1,1), Follow(61,1,1), Follow(62,1,1), Follow(63,1,1), Follow(64,1,1), Follow(65,1,1), Follow(66,1,1), Follow(67,1,1), Follow(68,1,1), Follow(69,1,1), Follow(70,1,1), Follow(71,1,1), Follow(72,1,1), Follow(73,1,1), Follow(74,1,1), Follow(75,1,1), Follow(76,1,1), Follow(77,1,1), Follow(78,1,1), Follow(79,1,1), Follow(80,1,1), Follow(81,1,1), Follow(82,1,1), Follow(83,1,1), Follow(84,1,1), Follow(85,1,1), Follow(86,1,1), Follow(87,1,1), Follow(88,1,1), Follow(89,1,1), Follow(1,1,1), Follow(2,1,1), Follow(3,1,1), Follow(4,1,1), Follow(5,1,1), Follow(6,1,1), Follow(7,1,1), Follow(8,1,1), Follow(9,1,1), Follow(10,1,1), Follow(11,1,1), Follow(12,1,1), Follow(13,1,1), Follow(14,1,1), Follow(15,1,1), Follow(16,1,1), Follow(17,1,1), Follow(18,1,1), Follow(19,1,1), Follow(20,1,1), Follow(21,1,1), Follow(22,1,1), Follow(23,1,1), Follow(24,1,1), Follow(25,1,1), Follow(26,1,1), Follow(27,1,1), Follow(28,1,1), Follow(29,1,1), Follow(30,1,1), Follow(31,1,1), Follow(32,1,1), Follow(33,1,1), Follow(34,1,1), Follow(35,1,1), Follow(36,1,1), Follow(37,1,1), Follow(38,1,1), Follow(39,1,1), Follow(40,1,1), Follow(41,1,1), Follow(42,1,1), Follow(43,1,1), Follow(44,1,1), Follow(45,1,1), Follow(46,1,1), Follow(47,1,1), Follow(48,1,1), Follow(49,1,1), Follow(50,1,1), Follow(51,1,1), Follow(52,1,1), Follow(53,1,1), Follow(54,1,1), Follow(55,1,1), Follow(56,1,1), Follow(57,1,1), Follow(58,1,1), Follow(59,1,1), Follow(60,1,1), Follow(61,1,1), Follow(62,1,1), Follow(63,1,1), Follow(64,1,1), Follow(65,1,1), Follow(66,1,1), Follow(67,1,1), Follow(68,1,1), Follow(69,1,1), Follow(70,1,1), Follow(71,1,1), Follow(72,1,1), Follow(73,1,1), Follow(74,1,1), Follow(75,1,1), Follow(76,1,1), Follow(77,1,1), Follow(78,1,1), Follow(79,1,1), Follow(80,1,1), Follow(81,1,1), Follow(82,1,1), Follow(83,1,1), Follow(84,1,1), Follow(85,1,1), Follow(86,1,1), Follow(87,1,1), Follow(88,1,1), Follow(89,1,1), Follow(90,1,1), Follow(1,1,1), Follow(2,1,1), Follow(3,1,1), Follow(4,1,1), Follow(5,1,1), Follow(6,1,1), Follow(7,1,1), Follow(8,1,1), Follow(9,1,1), Follow(10,1,1), Follow(11,1,1), Follow(12,1,1), Follow(13,1,1), Follow(14,1,1), Follow(15,1,1), Follow(16,1,1), Follow(17,1,1), Follow(18,1,1), Follow(19,1,1), Follow(20,1,1), Follow(21,1,1), Follow(22,1,1), Follow(23,1,1), Follow(24,1,1), Follow(25,1,1), Follow(26,1,1), Follow(27,1,1), Follow(28,1,1), Follow(29,1,1), Follow(30,1,1), Follow(31,1,1), Follow(32,1,1), Follow(33,1,1), Follow(34,1,1), Follow(35,1,1), Follow(36,1,1), Follow(37,1,1), Follow(38,1,1), Follow(39,1,1), Follow(40,1,1), Follow(41,1,1), Follow(42,1,1), Follow(43,1,1), Follow(44,1,1), Follow(45,1,1), Follow(46,1,1), Follow(47,1,1), Follow(48,1,1), Follow(49,1,1), Follow(50,1,1), Follow(51,1,1), Follow(52,1,1), Follow(53,1,1), Follow(54,1,1), Follow(55,1,1), Follow(56,1,1), Follow(57,1,1), Follow(58,1,1), Follow(59,1,1), Follow(60,1,1), Follow(61,1,1), Follow(62,1,1), Follow(63,1,1), Follow(64,1,1), Follow(65,1,1), Follow(66,1,1), Follow(67,1,1), Follow(68,1,1), Follow(69,1,1), Follow(70,1,1), Follow(71,1,1), Follow(72,1,1), Follow(73,1,1), Follow(74,1,1), Follow(75,1,1), Follow(76,1,1), Follow(77,1,1), Follow(78,1,1), Follow(79,1,1), Follow(80,1,1), Follow(81,1,1), Follow(82,1,1), Follow(83,1,1), Follow(84,1,1), Follow(85,1,1), Follow(86,1,1), Follow(87,1,1), Follow(88,1,1), Follow(89,1,1), Follow(90,1,1), Follow(91,1,1), Follow(1,1,1), Follow(2,1,1), Follow(3,1,1), Follow(4,1,1), Follow(5,1,1), Follow(6,1,1), Follow(7,1,1), Follow(8,1,1), Follow(9,1,1), Follow(10,1,1), Follow(11,1,1), Follow(12,1,1), Follow(13,1,1), Follow(14,1,1), Follow(15,1,1), Follow(16,1,1), Follow(17,1,1), Follow(18,1,1), Follow(19,1,1), Follow(20,1,1), Follow(21,1,1), Follow(22,1,1), Follow(23,1,1), Follow(24,1,1), Follow(25,1,1), Follow(26,1,1), Follow(27,1,1), Follow(28,1,1), Follow(29,1,1), Follow(30,1,1), Follow(31,1,1), Follow(32,1,1), Follow(33,1,1), Follow(34,1,1), Follow(35,1,1), Follow(36,1,1), Follow(37,1,1), Follow(38,1,1), Follow(39,1,1), Follow(40,1,1), Follow(41,1,1), Follow(42,1,1), Follow(43,1,1), Follow(44,1,1), Follow(45,1,1), Follow(46,1,1), Follow(47,1,1), Follow(48,1,1), Follow(49,1,1), Follow(50,1,1), Follow(51,1,1), Follow(52,1,1), Follow(53,1,1), Follow(54,1,1), Follow(55,1,1), Follow(56,1,1), Follow(57,1,1), Follow(58,1,1), Follow(59,1,1), Follow(60,1,1), Follow(61,1,1), Follow(62,1,1), Follow(63,1,1), Follow(64,1,1), Follow(65,1,1), Follow(66,1,1), Follow(67,1,1), Follow(68,1,1), Follow(69,1,1), Follow(70,1,1), Follow(71,1,1), Follow(72,1,1), Follow(73,1,1), Follow(74,1,1), Follow(75,1,1), Follow(76,1,1), Follow(77,1,1), Follow(78,1,1), Follow(79,1,1), Follow(80,1,1), Follow(81,1,1), Follow(82,1,1), Follow(83,1,1), Follow(84,1,1), Follow(85,1,1), Follow(86,1,1), Follow(87,1,1), Follow(88,1,1), Follow(89,1,1), Follow(90,1,1), Follow(91,1,1), Follow(92,1,1), Follow(1,1,1), Follow(2,1,1), Follow(3,1,1), Follow(4,1,1), Follow(5,1,1), Follow(6,1,1), Follow(7,1,1), Follow(8,1,1), Follow(9,1,1), Follow(10,1,1), Follow(11,1,1), Follow(12,1,1), Follow(13,1,1), Follow(14,1,1), Follow(15,1,1), Follow(16,1,1), Follow(17,1,1), Follow(18,1,1), Follow(19,1,1), Follow(20,1,1), Follow(21,1,1), Follow(22,1,1), Follow(23,1,1), Follow(24,1,1), Follow(25,1,1), Follow(26,1,1), Follow(27,1,1), Follow(28,1,1), Follow(29,1,1), Follow(30,1,1), Follow(31,1,1), Follow(32,1,1), Follow(33,1,1), Follow(34,1,1), Follow(35,1,1), Follow(36,1,1), Follow(37,1,1), Follow(38,1,1), Follow(39,1,1), Follow(40,1,1), Follow(41,1,1), Follow(42,1,1), Follow(43,1,1), Follow(44,1,1), Follow(45,1,1), Follow(46,1,1), Follow(47,1,1), Follow(48,1,1), Follow(49,1,1), Follow(50,1,1), Follow(51,1,1), Follow(52,1,1), Follow(53,1,1), Follow(54,1,1), Follow(55,1,1), Follow(56,1,1), Follow(57,1,1), Follow(58,1,1), Follow(59,1,1), Follow(60,1,1), Follow(61,1,1), Follow(62,1,1), Follow(63,1,1), Follow(64,1,1), Follow(65,1,1), Follow(66,1,1), Follow(67,1,1), Follow(68,1,1), Follow(69,1,1), Follow(70,1,1), Follow(71,1,1), Follow(72,1,1), Follow(73,1,1), Follow(74,1,1), Follow(75,1,1), Follow(76,1,1), Follow(77,1,1), Follow(78,1,1), Follow(79,1,1), Follow(80,1,1), Follow(81,1,1), Follow(82,1,1), Follow(83,1,1), Follow(84,1,1), Follow(85,1,1), Follow(86,1,1), Follow(87,1,1), Follow(88,1,1), Follow(89,1,1), Follow(90,1,1), Follow(91,1,1), Follow(92,1,1), Follow(93,1,1), Follow(1,1,1), Follow(2,1,1), Follow(3,1,1), Follow(4,1,1), Follow(5,1,1), Follow(6,1,1), Follow(7,1,1), Follow(8,1,1), Follow(9,1,1), Follow(10,1,1), Follow(11,1,1), Follow(12,1,1), Follow(13,1,1), Follow(14,1,1), Follow(15,1,1), Follow(16,1,1), Follow(17,1,1), Follow(18,1,1), Follow(19,1,1), Follow(20,1,1), Follow(21,1,1), Follow(22,1,1), Follow(23,1,1), Follow(24,1,1), Follow(25,1,1), Follow(26,1,1), Follow(27,1,1), Follow(28,1,1), Follow(29,1,1), Follow(30,1,1), Follow(31,1,1), Follow(32,1,1), Follow(33,1,1), Follow(34,1,1), Follow(35,1,1), Follow(36,1,1), Follow(37,1,1), Follow(38,1,1), Follow(39,1,1), Follow(40,1,1), Follow(41,1,1), Follow(42,1,1), Follow(43,1,1), Follow(44,1,1), Follow(45,1,1), Follow(46,1,1), Follow(47,1,1), Follow(48,1,1), Follow(49,1,1), Follow(50,1,1), Follow(51,1,1), Follow(52,1,1), Follow(53,1,1), Follow(54,1,1), Follow(55,1,1), Follow(56,1,1), Follow(57,1,1), Follow(58,1,1), Follow(59,1,1), Follow(60,1,1), Follow(61,1,1), Follow(62,1,1), Follow(63,1,1), Follow(64,1,1), Follow(65,1,1), Follow(66,1,1), Follow(67,1,1), Follow(68,1,1), Follow(69,1,1), Follow(70,1,1), Follow(71,1,1), Follow(72,1,1), Follow(73,1,1), Follow(74,1,1), Follow(75,1,1), Follow(76,1,1), Follow(77,1,1), Follow(78,1,1), Follow(79,1,1), Follow(80,1,1), Follow(81,1,1), Follow(82,1,1), Follow(83,1,1), Follow(84,1,1), Follow(85,1,1), Follow(86,1,1), Follow(87,1,1), Follow(88,1,1), Follow(89,1,1), Follow(90,1,1), Follow(91,1,1), Follow(92,1,1), Follow(93,1,1), Follow(94,1,1), Follow(1,1,1), Follow(2,1,1), Follow(3,1,1), Follow(4,1,1), Follow(5,1,1), Follow(6,1,1), Follow(7,1,1), Follow(8,1,1), Follow(9,1,1), Follow(10,1,1), Follow(11,1,1), Follow(12,1,1), Follow(13,1,1), Follow(14,1,1), Follow(15,1,1), Follow(16,1,1), Follow(17,1,1), Follow(18,1,1), Follow(19,1,1), Follow(20,1,1), Follow(21,1,1), Follow(22,1,1), Follow(23,1,1), Follow(24,1,1), Follow(25,1,1), Follow(26,1,1), Follow(27,1,1), Follow(28,1,1), Follow(29,1,1), Follow(30,1,1), Follow(31,1,1), Follow(32,1,1), Follow(33,1,1), Follow(34,1,1), Follow(35,1,1), Follow(36,1,1), Follow(37,1,1), Follow(38,1,1), Follow(39,1,1), Follow(40,1,1), Follow(41,1,1), Follow(42,1,1), Follow(43,1,1), Follow(44,1,1), Follow(45,1,1), Follow(46,1,1), Follow(47,1,1), Follow(48,1,1), Follow(49,1,1), Follow(50,1,1), Follow(51,1,1), Follow(52,1,1), Follow(53,1,1), Follow(54,1,1), Follow(55,1,1), Follow(56,1,1), Follow(57,1,1), Follow(58,1,1), Follow(59,1,1), Follow(60,1,1), Follow(61,1,1), Follow(62,1,1), Follow(63,1,1), Follow(64,1,1), Follow(65,1,1), Follow(66,1,1), Follow(67,1,1), Follow(68,1,1), Follow(69,1,1), Follow(70,1,1), Follow(71,1,1), Follow(72,1,1), Follow(73,1,1), Follow(74,1,1), Follow(75,1,1), Follow(76,1,1), Follow(77,1,1), Follow(78,1,1), Follow(79,1,1), Follow(80,1,1), Follow(81,1,1), Follow(82,1,1), Follow(83,1,1), Follow(84,1,1), Follow(85,1,1), Follow(86,1,1), Follow(87,1,1), Follow(88,1,1), Follow(89,1,1), Follow(90,1,1), Follow(91,1,1), Follow(92,1,1), Follow(93,1,1), Follow(94,1,1), Follow(95,1,1), Follow(1,1,1), Follow(2,1,1), Follow(3,1,1), Follow(4,1,1), Follow(5,1,1), Follow(6,1,1), Follow(7,1,1), Follow(8,1,1), Follow(9,1,1), Follow(10,1,1), Follow(11,1,1), Follow(12,1,1), Follow(13,1,1), Follow(14,1,1), Follow(15,1,1), Follow(16,1,1), Follow(17,1,1), Follow(18,1,1), Follow(19,1,1), Follow(20,1,1), Follow(21,1,1), Follow(22,1,1), Follow(23,1,1), Follow(24,1,1), Follow(25,1,1), Follow(26,1,1), Follow(27,1,1), Follow(28,1,1), Follow(29,1,1), Follow(30,1,1), Follow(31,1,1), Follow(32,1,1), Follow(33,1,1), Follow(34,1,1), Follow(35,1,1), Follow(36,1,1), Follow(37,1,1), Follow(38,1,1), Follow(39,1,1), Follow(40,1,1), Follow(41,1,1), Follow(42,1,1), Follow(43,1,1), Follow(44,1,1), Follow(45,1,1), Follow(46,1,1), Follow(47,1,1), Follow(48,1,1), Follow(49,1,1), Follow(50,1,1), Follow(51,1,1), Follow(52,1,1), Follow(53,1,1), Follow(54,1,1), Follow(55,1,1), Follow(56,1,1), Follow(57,1,1), Follow(58,1,1), Follow(59,1,1), Follow(60,1,1), Follow(61,1,1), Follow(62,1,1), Follow(63,1,1), Follow(64,1,1), Follow(65,1,1), Follow(66,1,1), Follow(67,1,1), Follow(68,1,1), Follow(69,1,1), Follow(70,1,1), Follow(71,1,1), Follow(72,1,1), Follow(73,1,1), Follow(74,1,1), Follow(75,1,1), Follow(76,1,1), Follow(77,1,1), Follow(78,1,1), Follow(79,1,1), Follow(80,1,1), Follow(81,1,1), Follow(82,1,1), Follow(83,1,1), Follow(84,1,1), Follow(85,1,1), Follow(86,1,1), Follow(87,1,1), Follow(88,1,1), Follow(89,1,1), Follow(90,1,1), Follow(91,1,1), Follow(92,1,1), Follow(93,1,1), Follow(94,1,1), Follow(95,1,1), Follow(96,1,1), Follow(1,1,1), Follow(2,1,1), Follow(3,1,1), Follow(4,1,1), Follow(5,1,1), Follow(6,1,1), Follow(7,1,1), Follow(8,1,1), Follow(9,1,1), Follow(10,1,1), Follow(11,1,1), Follow(12,1,1), Follow(13,1,1), Follow(14,1,1), Follow(15,1,1), Follow(16,1,1), Follow(17,1,1), Follow(18,1,1), Follow(19,1,1), Follow(20,1,1), Follow(21,1,1), Follow(22,1,1), Follow(23,1,1), Follow(24,1,1), Follow(25,1,1), Follow(26,1,1), Follow(27,1,1), Follow(28,1,1), Follow(29,1,1), Follow(30,1,1), Follow(31,1,1), Follow(32,1,1), Follow(33,1,1), Follow(34,1,1), Follow(35,1,1), Follow(36,1,1), Follow(37,1,1), Follow(38,1,1), Follow(39,1,1), Follow(40,1,1), Follow(41,1,1), Follow(42,1,1), Follow(43,1,1), Follow(44,1,1), Follow(45,1,1), Follow(46,1,1), Follow(47,1,1), Follow(48,1,1), Follow(49,1,1), Follow(50,1,1), Follow(51,1,1), Follow(52,1,1), Follow(53,1,1), Follow(54,1,1), Follow(55,1,1), Follow(56,1,1), Follow(57,1,1), Follow(58,1,1), Follow(59,1,1), Follow(60,1,1), Follow(61,1,1), Follow(62,1,1), Follow(63,1,1), Follow(64,1,1), Follow(65,1,1), Follow(66,1,1), Follow(67,1,1), Follow(68,1,1), Follow(69,1,1), Follow(70,1,1), Follow(71,1,1), Follow(72,1,1), Follow(73,1,1), Follow(74,1,1), Follow(75,1,1), Follow(76,1,1), Follow(77,1,1), Follow(78,1,1), Follow(79,1,1), Follow(80,1,1), Follow(81,1,1), Follow(82,1,1), Follow(83,1,1), Follow(84,1,1), Follow(85,1,1), Follow(86,1,1), Follow(87,1,1), Follow(88,1,1), Follow(89,1,1), Follow(90,1,1), Follow(91,1,1), Follow(92,1,1), Follow(93,1,1), Follow(94,1,1), Follow(95,1,1), Follow(96,1,1), Follow(97,1,1), Follow(1,1,1), Follow(2,1,1), Follow(3,1,1), Follow(4,1,1), Follow(5,1,1), Follow(6,1,1), Follow(7,1,1), Follow(8,1,1), Follow(9,1,1), Follow(10,1,1), Follow(11,1,1), Follow(12,1,1), Follow(13,1,1), Follow(14,1,1), Follow(15,1,1), Follow(16,1,1), Follow(17,1,1), Follow(18,1,1), Follow(19,1,1), Follow(20,1,1), Follow(21,1,1), Follow(22,1,1), Follow(23,1,1), Follow(24,1,1), Follow(25,1,1), Follow(26,1,1), Follow(27,1,1), Follow(28,1,1), Follow(29,1,1), Follow(30,1,1), Follow(31,1,1), Follow(32,1,1), Follow(33,1,1), Follow(34,1,1), Follow(35,1,1), Follow(36,1,1), Follow(37,1,1), Follow(38,1,1), Follow(39,1,1), Follow(40,1,1), Follow(41,1,1), Follow(42,1,1), Follow(43,1,1), Follow(44,1,1), Follow(45,1,1), Follow(46,1,1), Follow(47,1,1), Follow(48,1,1), Follow(49,1,1), Follow(50,1,1), Follow(51,1,1), Follow(52,1,1), Follow(53,1,1), Follow(54,1,1), Follow(55,1,1), Follow(56,1,1), Follow(57,1,1), Follow(58,1,1), Follow(59,1,1), Follow(60,1,1), Follow(61,1,1), Follow(62,1,1), Follow(63,1,1), Follow(64,1,1), Follow(65,1,1), Follow(66,1,1), Follow(67,1,1), Follow(68,1,1), Follow(69,1,1), Follow(70,1,1), Follow(71,1,1), Follow(72,1,1), Follow(73,1,1), Follow(74,1,1), Follow(75,1,1), Follow(76,1,1), Follow(77,1,1), Follow(78,1,1), Follow(79,1,1), Follow(80,1,1), Follow(81,1,1), Follow(82,1,1), Follow(83,1,1), Follow(84,1,1), Follow(85,1,1), Follow(86,1,1), Follow(87,1,1), Follow(88,1,1), Follow(89,1,1), Follow(90,1,1), Follow(91,1,1), Follow(92,1,1), Follow(93,1,1), Follow(94,1,1), Follow(95,1,1), Follow(96,1,1), Follow(97,1,1), Follow(98,1,1), Follow(1,1,1), Follow(2,1,1), Follow(3,1,1), Follow(4,1,1), Follow(5,1,1), Follow(6,1,1), Follow(7,1,1), Follow(8,1,1), Follow(9,1,1), Follow(10,1,1), Follow(11,1,1), Follow(12,1,1), Follow(13,1,1), Follow(14,1,1), Follow(15,1,1), Follow(16,1,1), Follow(17,1,1), Follow(18,1,1), Follow(19,1,1), Follow(20,1,1), Follow(21,1,1), Follow(22,1,1), Follow(23,1,1), Follow(24,1,1), Follow(25,1,1), Follow(26,1,1), Follow(27,1,1), Follow(28,1,1), Follow(29,1,1), Follow(30,1,1), Follow(31,1,1), Follow(32,1,1), Follow(33,1,1), Follow(34,1,1), Follow(35,1,1), Follow(36,1,1), Follow(37,1,1), Follow(38,1,1), Follow(39,1,1), Follow(40,1,1), Follow(41,1,1), Follow(42,1,1), Follow(43,1,1), Follow(44,1,1), Follow(45,1,1), Follow(46,1,1), Follow(47,1,1), Follow(48,1,1), Follow(49,1,1), Follow(50,1,1), Follow(51,1,1), Follow(52,1,1), Follow(53,1,1), Follow(54,1,1), Follow(55,1,1), Follow(56,1,1), Follow(57,1,1), Follow(58,1,1), Follow(59,1,1), Follow(60,1,1), Follow(61,1,1), Follow(62,1,1), Follow(63,1,1), Follow(64,1,1), Follow(65,1,1), Follow(66,1,1), Follow(67,1,1), Follow(68,1,1), Follow(69,1,1), Follow(70,1,1), Follow(71,1,1), Follow(72,1,1), Follow(73,1,1), Follow(74,1,1), Follow(75,1,1), Follow(76,1,1), Follow(77,1,1), Follow(78,1,1), Follow(79,1,1), Follow(80,1,1), Follow(81,1,1), Follow(82,1,1), Follow(83,1,1), Follow(84,1,1), Follow(85,1,1), Follow(86,1,1), Follow(87,1,1), Follow(88,1,1), Follow(89,1,1), Follow(90,1,1), Follow(91,1,1), Follow(92,1,1), Follow(93,1,1), Follow(94,1,1), Follow(95,1,1), Follow(96,1,1), Follow(97,1,1), Follow(98,1,1), Follow(99,1,1), Follow(1,1,1), Follow(2,1,1), Follow(3,1,1), Follow(4,1,1), Follow(5,1,1), Follow(6,1,1), Follow(7,1,1), Follow(8,1,1), Follow(9,1,1), Follow(10,1,1), Follow(11,1,1), Follow(12,1,1), Follow(13,1,1), Follow(
[...]
	at org.scalatest.FunSuiteLike$$anon$1.apply(FunSuiteLike.scala:186)
	at org.scalatest.TestSuite$class.withFixture(TestSuite.scala:196)
	at followers.FollowersSuite.withFixture(FollowersSuite.scala:21)
	at org.scalatest.FunSuiteLike$class.invokeWithFixture$1(FunSuiteLike.scala:183)
	at org.scalatest.FunSuiteLike$$anonfun$runTest$1.apply(FunSuiteLike.scala:196)
	at org.scalatest.FunSuiteLike$$anonfun$runTest$1.apply(FunSuiteLike.scala:196)
	at org.scalatest.SuperEngine.runTestImpl(Engine.scala:289)
	at org.scalatest.FunSuiteLike$class.runTest(FunSuiteLike.scala:196)
	at followers.FollowersSuite.runTest(FollowersSuite.scala:21)
	at org.scalatest.FunSuiteLike$$anonfun$runTests$1.apply(FunSuiteLike.scala:229)
	at org.scalatest.FunSuiteLike$$anonfun$runTests$1.apply(FunSuiteLike.scala:229)
	at org.scalatest.SuperEngine$$anonfun$traverseSubNodes$1$1.apply(Engine.scala:396)
	at org.scalatest.SuperEngine$$anonfun$traverseSubNodes$1$1.apply(Engine.scala:384)
	at scala.collection.immutable.List.foreach(List.scala:392)
	at org.scalatest.SuperEngine.traverseSubNodes$1(Engine.scala:384)
	at org.scalatest.SuperEngine.org$scalatest$SuperEngine$$runTestsInBranch(Engine.scala:379)
	at org.scalatest.SuperEngine.runTestsImpl(Engine.scala:461)
	at org.scalatest.FunSuiteLike$class.runTests(FunSuiteLike.scala:229)
	at followers.FollowersSuite.runTests(FollowersSuite.scala:21)
	at org.scalatest.Suite$class.run(Suite.scala:1147)
	at followers.FollowersSuite.org$scalatest$FunSuiteLike$$super$run(FollowersSuite.scala:21)
	at org.scalatest.FunSuiteLike$$anonfun$run$1.apply(FunSuiteLike.scala:233)
	at org.scalatest.FunSuiteLike$$anonfun$run$1.apply(FunSuiteLike.scala:233)
	at org.scalatest.SuperEngine.runImpl(Engine.scala:521)
	at org.scalatest.FunSuiteLike$class.run(FunSuiteLike.scala:233)
	at followers.FollowersSuite.org$scalatest$BeforeAndAfterAll$$super$run(FollowersSuite.scala:21)
	at org.scalatest.BeforeAndAfterAll$class.liftedTree1$1(BeforeAndAfterAll.scala:213)
	at org.scalatest.BeforeAndAfterAll$class.run(BeforeAndAfterAll.scala:210)
	at followers.FollowersSuite.run(FollowersSuite.scala:21)
	at org.scalatest.tools.Framework.org$scalatest$tools$Framework$$runSuite(Framework.scala:314)
	at org.scalatest.tools.Framework$ScalaTestTask.execute(Framework.scala:480)
	at sbt.TestRunner.runTest$1(TestFramework.scala:113)
	at sbt.TestRunner.run(TestFramework.scala:124)
	at sbt.TestFramework$$anon$2$$anonfun$$lessinit$greater$1.$anonfun$apply$1(TestFramework.scala:282)
	at sbt.TestFramework$.sbt$TestFramework$$withContextLoader(TestFramework.scala:246)
	at sbt.TestFramework$$anon$2$$anonfun$$lessinit$greater$1.apply(TestFramework.scala:282)
	at sbt.TestFramework$$anon$2$$anonfun$$lessinit$greater$1.apply(TestFramework.scala:282)
	at sbt.TestFunction.apply(TestFramework.scala:294)
	at sbt.Tests$.processRunnable$1(Tests.scala:347)
	at sbt.Tests$.$anonfun$makeSerial$1(Tests.scala:353)
	at sbt.std.Transform$$anon$3.$anonfun$apply$2(System.scala:46)
	at sbt.std.Transform$$anon$4.work(System.scala:67)
	at sbt.Execute.$anonfun$submit$2(Execute.scala:269)
	at sbt.internal.util.ErrorHandling$.wideConvert(ErrorHandling.scala:16)
	at sbt.Execute.work(Execute.scala:278)
	at sbt.Execute.$anonfun$submit$1(Execute.scala:269)
	at sbt.ConcurrentRestrictions$$anon$4.$anonfun$submitValid$1(ConcurrentRestrictions.scala:178)
	at sbt.CompletionService$$anon$2.call(CompletionService.scala:37)
	at java.util.concurrent.FutureTask.run(FutureTask.java:266)
	at java.util.concurrent.Executors$RunnableAdapter.call(Executors.java:511)
	at java.util.concurrent.FutureTask.run(FutureTask.java:266)
	at java.util.concurrent.ThreadPoolExecutor.runWorker(ThreadPoolExecutor.java:1149)
	at java.util.concurrent.ThreadPoolExecutor$Worker.run(ThreadPoolExecutor.java:624)
	at java.lang.Thread.run(Thread.java:748)
</failure>
                                               </testcase><testcase classname="followers.FollowersSuite" name="clientFlow: handle one client following another" time="0.0">
                                                 <failure message="an implementation is missing" type="scala.NotImplementedError">scala.NotImplementedError: an implementation is missing
	at scala.Predef$.$qmark$qmark$qmark(Predef.scala:230)
	at followers.Server$$anonfun$followers$Server$$unimplementedFlow$2.apply(Server.scala:109)
	at followers.Server$$anonfun$followers$Server$$unimplementedFlow$2.apply(Server.scala:109)
	at akka.stream.impl.Transform.apply(TraversalBuilder.scala:157)
	at akka.stream.impl.PhasedFusingActorMaterializer.materialize(PhasedFusingActorMaterializer.scala:475)
	at akka.stream.impl.PhasedFusingActorMaterializer.materialize(PhasedFusingActorMaterializer.scala:412)
	at akka.stream.impl.PhasedFusingActorMaterializer.materialize(PhasedFusingActorMaterializer.scala:407)
	at akka.stream.scaladsl.RunnableGraph.run(Flow.scala:588)
	at followers.Server.&lt;init&gt;(Server.scala:151)
	at followers.FollowersSuite$$anonfun$18.apply(FollowersSuite.scala:186)
	at followers.FollowersSuite$$anonfun$18.apply(FollowersSuite.scala:185)
	at org.scalatest.OutcomeOf$class.outcomeOf(OutcomeOf.scala:85)
	at org.scalatest.OutcomeOf$.outcomeOf(OutcomeOf.scala:104)
	at org.scalatest.Transformer.apply(Transformer.scala:22)
	at org.scalatest.Transformer.apply(Transformer.scala:20)
	at org.scalatest.FunSuiteLike$$anon$1.apply(FunSuiteLike.scala:186)
	at org.scalatest.TestSuite$class.withFixture(TestSuite.scala:196)
	at followers.FollowersSuite.withFixture(FollowersSuite.scala:21)
	at org.scalatest.FunSuiteLike$class.invokeWithFixture$1(FunSuiteLike.scala:183)
	at org.scalatest.FunSuiteLike$$anonfun$runTest$1.apply(FunSuiteLike.scala:196)
	at org.scalatest.FunSuiteLike$$anonfun$runTest$1.apply(FunSuiteLike.scala:196)
	at org.scalatest.SuperEngine.runTestImpl(Engine.scala:289)
	at org.scalatest.FunSuiteLike$class.runTest(FunSuiteLike.scala:196)
	at followers.FollowersSuite.runTest(FollowersSuite.scala:21)
	at org.scalatest.FunSuiteLike$$anonfun$runTests$1.apply(FunSuiteLike.scala:229)
	at org.scalatest.FunSuiteLike$$anonfun$runTests$1.apply(FunSuiteLike.scala:229)
	at org.scalatest.SuperEngine$$anonfun$traverseSubNodes$1$1.apply(Engine.scala:396)
	at org.scalatest.SuperEngine$$anonfun$traverseSubNodes$1$1.apply(Engine.scala:384)
	at scala.collection.immutable.List.foreach(List.scala:392)
	at org.scalatest.SuperEngine.traverseSubNodes$1(Engine.scala:384)
	at org.scalatest.SuperEngine.org$scalatest$SuperEngine$$runTestsInBranch(Engine.scala:379)
	at org.scalatest.SuperEngine.runTestsImpl(Engine.scala:461)
	at org.scalatest.FunSuiteLike$class.runTests(FunSuiteLike.scala:229)
	at followers.FollowersSuite.runTests(FollowersSuite.scala:21)
	at org.scalatest.Suite$class.run(Suite.scala:1147)
	at followers.FollowersSuite.org$scalatest$FunSuiteLike$$super$run(FollowersSuite.scala:21)
	at org.scalatest.FunSuiteLike$$anonfun$run$1.apply(FunSuiteLike.scala:233)
	at org.scalatest.FunSuiteLike$$anonfun$run$1.apply(FunSuiteLike.scala:233)
	at org.scalatest.SuperEngine.runImpl(Engine.scala:521)
	at org.scalatest.FunSuiteLike$class.run(FunSuiteLike.scala:233)
	at followers.FollowersSuite.org$scalatest$BeforeAndAfterAll$$super$run(FollowersSuite.scala:21)
	at org.scalatest.BeforeAndAfterAll$class.liftedTree1$1(BeforeAndAfterAll.scala:213)
	at org.scalatest.BeforeAndAfterAll$class.run(BeforeAndAfterAll.scala:210)
	at followers.FollowersSuite.run(FollowersSuite.scala:21)
	at org.scalatest.tools.Framework.org$scalatest$tools$Framework$$runSuite(Framework.scala:314)
	at org.scalatest.tools.Framework$ScalaTestTask.execute(Framework.scala:480)
	at sbt.TestRunner.runTest$1(TestFramework.scala:113)
	at sbt.TestRunner.run(TestFramework.scala:124)
	at sbt.TestFramework$$anon$2$$anonfun$$lessinit$greater$1.$anonfun$apply$1(TestFramework.scala:282)
	at sbt.TestFramework$.sbt$TestFramework$$withContextLoader(TestFramework.scala:246)
	at sbt.TestFramework$$anon$2$$anonfun$$lessinit$greater$1.apply(TestFramework.scala:282)
	at sbt.TestFramework$$anon$2$$anonfun$$lessinit$greater$1.apply(TestFramework.scala:282)
	at sbt.TestFunction.apply(TestFramework.scala:294)
	at sbt.Tests$.processRunnable$1(Tests.scala:347)
	at sbt.Tests$.$anonfun$makeSerial$1(Tests.scala:353)
	at sbt.std.Transform$$anon$3.$anonfun$apply$2(System.scala:46)
	at sbt.std.Transform$$anon$4.work(System.scala:67)
	at sbt.Execute.$anonfun$submit$2(Execute.scala:269)
	at sbt.internal.util.ErrorHandling$.wideConvert(ErrorHandling.scala:16)
	at sbt.Execute.work(Execute.scala:278)
	at sbt.Execute.$anonfun$submit$1(Execute.scala:269)
	at sbt.ConcurrentRestrictions$$anon$4.$anonfun$submitValid$1(ConcurrentRestrictions.scala:178)
	at sbt.CompletionService$$anon$2.call(CompletionService.scala:37)
	at java.util.concurrent.FutureTask.run(FutureTask.java:266)
	at java.util.concurrent.Executors$RunnableAdapter.call(Executors.java:511)
	at java.util.concurrent.FutureTask.run(FutureTask.java:266)
	at java.util.concurrent.ThreadPoolExecutor.runWorker(ThreadPoolExecutor.java:1149)
	at java.util.concurrent.ThreadPoolExecutor$Worker.run(ThreadPoolExecutor.java:624)
	at java.lang.Thread.run(Thread.java:748)
</failure>
                                               </testcase><testcase classname="followers.FollowersSuite" name="clientFlow: ensure that event before issuing a Follow is not sent to that follower" time="0.001">
                                                 <failure message="an implementation is missing" type="scala.NotImplementedError">scala.NotImplementedError: an implementation is missing
	at scala.Predef$.$qmark$qmark$qmark(Predef.scala:230)
	at followers.Server$$anonfun$followers$Server$$unimplementedFlow$2.apply(Server.scala:109)
	at followers.Server$$anonfun$followers$Server$$unimplementedFlow$2.apply(Server.scala:109)
	at akka.stream.impl.Transform.apply(TraversalBuilder.scala:157)
	at akka.stream.impl.PhasedFusingActorMaterializer.materialize(PhasedFusingActorMaterializer.scala:475)
	at akka.stream.impl.PhasedFusingActorMaterializer.materialize(PhasedFusingActorMaterializer.scala:412)
	at akka.stream.impl.PhasedFusingActorMaterializer.materialize(PhasedFusingActorMaterializer.scala:407)
	at akka.stream.scaladsl.RunnableGraph.run(Flow.scala:588)
	at followers.Server.&lt;init&gt;(Server.scala:151)
	at followers.FollowersSuite$$anonfun$19.apply(FollowersSuite.scala:205)
	at followers.FollowersSuite$$anonfun$19.apply(FollowersSuite.scala:203)
	at org.scalatest.OutcomeOf$class.outcomeOf(OutcomeOf.scala:85)
	at org.scalatest.OutcomeOf$.outcomeOf(OutcomeOf.scala:104)
	at org.scalatest.Transformer.apply(Transformer.scala:22)
	at org.scalatest.Transformer.apply(Transformer.scala:20)
	at org.scalatest.FunSuiteLike$$anon$1.apply(FunSuiteLike.scala:186)
	at org.scalatest.TestSuite$class.withFixture(TestSuite.scala:196)
	at followers.FollowersSuite.withFixture(FollowersSuite.scala:21)
	at org.scalatest.FunSuiteLike$class.invokeWithFixture$1(FunSuiteLike.scala:183)
	at org.scalatest.FunSuiteLike$$anonfun$runTest$1.apply(FunSuiteLike.scala:196)
	at org.scalatest.FunSuiteLike$$anonfun$runTest$1.apply(FunSuiteLike.scala:196)
	at org.scalatest.SuperEngine.runTestImpl(Engine.scala:289)
	at org.scalatest.FunSuiteLike$class.runTest(FunSuiteLike.scala:196)
	at followers.FollowersSuite.runTest(FollowersSuite.scala:21)
	at org.scalatest.FunSuiteLike$$anonfun$runTests$1.apply(FunSuiteLike.scala:229)
	at org.scalatest.FunSuiteLike$$anonfun$runTests$1.apply(FunSuiteLike.scala:229)
	at org.scalatest.SuperEngine$$anonfun$traverseSubNodes$1$1.apply(Engine.scala:396)
	at org.scalatest.SuperEngine$$anonfun$traverseSubNodes$1$1.apply(Engine.scala:384)
	at scala.collection.immutable.List.foreach(List.scala:392)
	at org.scalatest.SuperEngine.traverseSubNodes$1(Engine.scala:384)
	at org.scalatest.SuperEngine.org$scalatest$SuperEngine$$runTestsInBranch(Engine.scala:379)
	at org.scalatest.SuperEngine.runTestsImpl(Engine.scala:461)
	at org.scalatest.FunSuiteLike$class.runTests(FunSuiteLike.scala:229)
	at followers.FollowersSuite.runTests(FollowersSuite.scala:21)
	at org.scalatest.Suite$class.run(Suite.scala:1147)
	at followers.FollowersSuite.org$scalatest$FunSuiteLike$$super$run(FollowersSuite.scala:21)
	at org.scalatest.FunSuiteLike$$anonfun$run$1.apply(FunSuiteLike.scala:233)
	at org.scalatest.FunSuiteLike$$anonfun$run$1.apply(FunSuiteLike.scala:233)
	at org.scalatest.SuperEngine.runImpl(Engine.scala:521)
	at org.scalatest.FunSuiteLike$class.run(FunSuiteLike.scala:233)
	at followers.FollowersSuite.org$scalatest$BeforeAndAfterAll$$super$run(FollowersSuite.scala:21)
	at org.scalatest.BeforeAndAfterAll$class.liftedTree1$1(BeforeAndAfterAll.scala:213)
	at org.scalatest.BeforeAndAfterAll$class.run(BeforeAndAfterAll.scala:210)
	at followers.FollowersSuite.run(FollowersSuite.scala:21)
	at org.scalatest.tools.Framework.org$scalatest$tools$Framework$$runSuite(Framework.scala:314)
	at org.scalatest.tools.Framework$ScalaTestTask.execute(Framework.scala:480)
	at sbt.TestRunner.runTest$1(TestFramework.scala:113)
	at sbt.TestRunner.run(TestFramework.scala:124)
	at sbt.TestFramework$$anon$2$$anonfun$$lessinit$greater$1.$anonfun$apply$1(TestFramework.scala:282)
	at sbt.TestFramework$.sbt$TestFramework$$withContextLoader(TestFramework.scala:246)
	at sbt.TestFramework$$anon$2$$anonfun$$lessinit$greater$1.apply(TestFramework.scala:282)
	at sbt.TestFramework$$anon$2$$anonfun$$lessinit$greater$1.apply(TestFramework.scala:282)
	at sbt.TestFunction.apply(TestFramework.scala:294)
	at sbt.Tests$.processRunnable$1(Tests.scala:347)
	at sbt.Tests$.$anonfun$makeSerial$1(Tests.scala:353)
	at sbt.std.Transform$$anon$3.$anonfun$apply$2(System.scala:46)
	at sbt.std.Transform$$anon$4.work(System.scala:67)
	at sbt.Execute.$anonfun$submit$2(Execute.scala:269)
	at sbt.internal.util.ErrorHandling$.wideConvert(ErrorHandling.scala:16)
	at sbt.Execute.work(Execute.scala:278)
	at sbt.Execute.$anonfun$submit$1(Execute.scala:269)
	at sbt.ConcurrentRestrictions$$anon$4.$anonfun$submitValid$1(ConcurrentRestrictions.scala:178)
	at sbt.CompletionService$$anon$2.call(CompletionService.scala:37)
	at java.util.concurrent.FutureTask.run(FutureTask.java:266)
	at java.util.concurrent.Executors$RunnableAdapter.call(Executors.java:511)
	at java.util.concurrent.FutureTask.run(FutureTask.java:266)
	at java.util.concurrent.ThreadPoolExecutor.runWorker(ThreadPoolExecutor.java:1149)
	at java.util.concurrent.ThreadPoolExecutor$Worker.run(ThreadPoolExecutor.java:624)
	at java.lang.Thread.run(Thread.java:748)
</failure>
                                               </testcase><testcase classname="followers.FollowersSuite" name="clientFlow: ensure that users get notified from private messages" time="0.0">
                                                 <failure message="an implementation is missing" type="scala.NotImplementedError">scala.NotImplementedError: an implementation is missing
	at scala.Predef$.$qmark$qmark$qmark(Predef.scala:230)
	at followers.Server$$anonfun$followers$Server$$unimplementedFlow$2.apply(Server.scala:109)
	at followers.Server$$anonfun$followers$Server$$unimplementedFlow$2.apply(Server.scala:109)
	at akka.stream.impl.Transform.apply(TraversalBuilder.scala:157)
	at akka.stream.impl.PhasedFusingActorMaterializer.materialize(PhasedFusingActorMaterializer.scala:475)
	at akka.stream.impl.PhasedFusingActorMaterializer.materialize(PhasedFusingActorMaterializer.scala:412)
	at akka.stream.impl.PhasedFusingActorMaterializer.materialize(PhasedFusingActorMaterializer.scala:407)
	at akka.stream.scaladsl.RunnableGraph.run(Flow.scala:588)
	at followers.Server.&lt;init&gt;(Server.scala:151)
	at followers.FollowersSuite$$anonfun$20.apply(FollowersSuite.scala:221)
	at followers.FollowersSuite$$anonfun$20.apply(FollowersSuite.scala:220)
	at org.scalatest.OutcomeOf$class.outcomeOf(OutcomeOf.scala:85)
	at org.scalatest.OutcomeOf$.outcomeOf(OutcomeOf.scala:104)
	at org.scalatest.Transformer.apply(Transformer.scala:22)
	at org.scalatest.Transformer.apply(Transformer.scala:20)
	at org.scalatest.FunSuiteLike$$anon$1.apply(FunSuiteLike.scala:186)
	at org.scalatest.TestSuite$class.withFixture(TestSuite.scala:196)
	at followers.FollowersSuite.withFixture(FollowersSuite.scala:21)
	at org.scalatest.FunSuiteLike$class.invokeWithFixture$1(FunSuiteLike.scala:183)
	at org.scalatest.FunSuiteLike$$anonfun$runTest$1.apply(FunSuiteLike.scala:196)
	at org.scalatest.FunSuiteLike$$anonfun$runTest$1.apply(FunSuiteLike.scala:196)
	at org.scalatest.SuperEngine.runTestImpl(Engine.scala:289)
	at org.scalatest.FunSuiteLike$class.runTest(FunSuiteLike.scala:196)
	at followers.FollowersSuite.runTest(FollowersSuite.scala:21)
	at org.scalatest.FunSuiteLike$$anonfun$runTests$1.apply(FunSuiteLike.scala:229)
	at org.scalatest.FunSuiteLike$$anonfun$runTests$1.apply(FunSuiteLike.scala:229)
	at org.scalatest.SuperEngine$$anonfun$traverseSubNodes$1$1.apply(Engine.scala:396)
	at org.scalatest.SuperEngine$$anonfun$traverseSubNodes$1$1.apply(Engine.scala:384)
	at scala.collection.immutable.List.foreach(List.scala:392)
	at org.scalatest.SuperEngine.traverseSubNodes$1(Engine.scala:384)
	at org.scalatest.SuperEngine.org$scalatest$SuperEngine$$runTestsInBranch(Engine.scala:379)
	at org.scalatest.SuperEngine.runTestsImpl(Engine.scala:461)
	at org.scalatest.FunSuiteLike$class.runTests(FunSuiteLike.scala:229)
	at followers.FollowersSuite.runTests(FollowersSuite.scala:21)
	at org.scalatest.Suite$class.run(Suite.scala:1147)
	at followers.FollowersSuite.org$scalatest$FunSuiteLike$$super$run(FollowersSuite.scala:21)
	at org.scalatest.FunSuiteLike$$anonfun$run$1.apply(FunSuiteLike.scala:233)
	at org.scalatest.FunSuiteLike$$anonfun$run$1.apply(FunSuiteLike.scala:233)
	at org.scalatest.SuperEngine.runImpl(Engine.scala:521)
	at org.scalatest.FunSuiteLike$class.run(FunSuiteLike.scala:233)
	at followers.FollowersSuite.org$scalatest$BeforeAndAfterAll$$super$run(FollowersSuite.scala:21)
	at org.scalatest.BeforeAndAfterAll$class.liftedTree1$1(BeforeAndAfterAll.scala:213)
	at org.scalatest.BeforeAndAfterAll$class.run(BeforeAndAfterAll.scala:210)
	at followers.FollowersSuite.run(FollowersSuite.scala:21)
	at org.scalatest.tools.Framework.org$scalatest$tools$Framework$$runSuite(Framework.scala:314)
	at org.scalatest.tools.Framework$ScalaTestTask.execute(Framework.scala:480)
	at sbt.TestRunner.runTest$1(TestFramework.scala:113)
	at sbt.TestRunner.run(TestFramework.scala:124)
	at sbt.TestFramework$$anon$2$$anonfun$$lessinit$greater$1.$anonfun$apply$1(TestFramework.scala:282)
	at sbt.TestFramework$.sbt$TestFramework$$withContextLoader(TestFramework.scala:246)
	at sbt.TestFramework$$anon$2$$anonfun$$lessinit$greater$1.apply(TestFramework.scala:282)
	at sbt.TestFramework$$anon$2$$anonfun$$lessinit$greater$1.apply(TestFramework.scala:282)
	at sbt.TestFunction.apply(TestFramework.scala:294)
	at sbt.Tests$.processRunnable$1(Tests.scala:347)
	at sbt.Tests$.$anonfun$makeSerial$1(Tests.scala:353)
	at sbt.std.Transform$$anon$3.$anonfun$apply$2(System.scala:46)
	at sbt.std.Transform$$anon$4.work(System.scala:67)
	at sbt.Execute.$anonfun$submit$2(Execute.scala:269)
	at sbt.internal.util.ErrorHandling$.wideConvert(ErrorHandling.scala:16)
	at sbt.Execute.work(Execute.scala:278)
	at sbt.Execute.$anonfun$submit$1(Execute.scala:269)
	at sbt.ConcurrentRestrictions$$anon$4.$anonfun$submitValid$1(ConcurrentRestrictions.scala:178)
	at sbt.CompletionService$$anon$2.call(CompletionService.scala:37)
	at java.util.concurrent.FutureTask.run(FutureTask.java:266)
	at java.util.concurrent.Executors$RunnableAdapter.call(Executors.java:511)
	at java.util.concurrent.FutureTask.run(FutureTask.java:266)
	at java.util.concurrent.ThreadPoolExecutor.runWorker(ThreadPoolExecutor.java:1149)
	at java.util.concurrent.ThreadPoolExecutor$Worker.run(ThreadPoolExecutor.java:624)
	at java.lang.Thread.run(Thread.java:748)
</failure>
                                               </testcase>
                     <system-out><![CDATA[]]></system-out>
                     <system-err><![CDATA[]]></system-err>
                   </testsuite>