<?xml version='1.0' encoding='UTF-8'?>
<testsuite hostname="oleg-comp" name="kvstore.KVStoreSuite" tests="18" errors="0" failures="0" skipped="0" time="26.617">
                     <properties>
[...]
</properties>
                     <testcase classname="kvstore.KVStoreSuite" name="Step1-case1: Primary (in isolation) should properly register itself to the provided Arbiter" time="0.1">
                                                 
                                               </testcase><testcase classname="kvstore.KVStoreSuite" name="Step1-case2: Primary (in isolation) should react properly to Insert, Remove, Get" time="0.034">
                                                 
                                               </testcase><testcase classname="kvstore.KVStoreSuite" name="Step2-case1: Secondary (in isolation) should properly register itself to the provided Arbiter" time="0.002">
                                                 
                                               </testcase><testcase classname="kvstore.KVStoreSuite" name="Step2-case2: Secondary (in isolation) must handle Snapshots" time="0.041">
                                                 
                                               </testcase><testcase classname="kvstore.KVStoreSuite" name="Step2-case3: Secondary should drop and immediately ack snapshots with older sequence numbers" time="0.028">
                                                 
                                               </testcase><testcase classname="kvstore.KVStoreSuite" name="Step2-case4: Secondary should drop snapshots with future sequence numbers" time="0.361">
                                                 
                                               </testcase><testcase classname="kvstore.KVStoreSuite" name="Step3-case1: Replicator should send snapshots when asked to replicate" time="12.033">
                                                 
                                               </testcase><testcase classname="kvstore.KVStoreSuite" name="Step3-case2: Replicator should retry until acknowledged by secondary" time="0.236">
                                                 
                                               </testcase><testcase classname="kvstore.KVStoreSuite" name="Step4-case1: Secondary should not acknowledge snapshots until persisted" time="0.553">
                                                 
                                               </testcase><testcase classname="kvstore.KVStoreSuite" name="Step4-case2: Secondary should retry persistence in every 100 milliseconds" time="0.753">
                                                 
                                               </testcase><testcase classname="kvstore.KVStoreSuite" name="Step5-case1: Primary does not acknowledge updates which have not been persisted" time="0.135">
                                                 
                                               </testcase><testcase classname="kvstore.KVStoreSuite" name="Step5-case2: Primary retries persistence every 100 milliseconds" time="0.341">
                                                 
                                               </testcase><testcase classname="kvstore.KVStoreSuite" name="Step5-case3: Primary generates failure after 1 second if persistence fails" time="1.037">
                                                 
                                               </testcase><testcase classname="kvstore.KVStoreSuite" name="Step5-case4: Primary generates failure after 1 second if global acknowledgement fails" time="1.142">
                                                 
                                               </testcase><testcase classname="kvstore.KVStoreSuite" name="Step5-case5: Primary acknowledges only after persistence and global acknowledgement" time="0.657">
                                                 
                                               </testcase><testcase classname="kvstore.KVStoreSuite" name="Step6-case1: Primary must start replication to new replicas" time="9.055">
                                                 
                                               </testcase><testcase classname="kvstore.KVStoreSuite" name="Step6-case2: Primary must stop replication to removed replicas and stop Replicator" time="0.069">
                                                 
                                               </testcase><testcase classname="kvstore.KVStoreSuite" name="Step6-case3: Primary must stop replication to removed replicas and waive their outstanding acknowledgements" time="0.04">
                                                 
                                               </testcase>
                     <system-out><![CDATA[]]></system-out>
                     <system-err><![CDATA[]]></system-err>
                   </testsuite>