<?xml version='1.0' encoding='UTF-8'?>
<testsuite hostname="oleg-comp" name="actorbintree.BinaryTreeSuite" tests="3" errors="0" failures="0" skipped="0" time="0.214" timestamp="2019-07-31T14:47:49">
                     <properties>
[...]
</properties>
                     <testcase classname="actorbintree.BinaryTreeSuite" name="proper inserts and lookups" time="0.026">
                                                 
                                               </testcase><testcase classname="actorbintree.BinaryTreeSuite" name="instruction example" time="0.022">
                                                 
                                               </testcase><testcase classname="actorbintree.BinaryTreeSuite" name="behave identically to built-in set (includes GC)" time="0.166">
                                                 
                                               </testcase>
                     <system-out><![CDATA[]]></system-out>
                     <system-err><![CDATA[]]></system-err>
                   </testsuite>